Using pre-set license
Built from '2020.3/staging' branch; Version is '2020.3.26f1 (7298b473bc1a) revision 7510196'; Using compiler version '192528614'; Build Type 'Release'
OS: 'Windows 10  (10.0.19044) 64bit Core' Language: 'en' Physical Memory: 16296 MB
BatchMode: 1, IsHumanControllingUs: 0, StartBugReporterOnCrash: 0, Is64bit: 1, IsPro: 0

COMMAND LINE ARGUMENTS:
D:\Program Files\Unity\2020.3.26f1\Editor\Unity.exe
-adb2
-batchMode
-noUpm
-name
AssetImportWorker0
-projectPath
D:/Projects/Unity Projects/PowDemo
-logFile
Logs/AssetImportWorker0.log
-srvPort
54691
Successfully changed project path to: D:/Projects/Unity Projects/PowDemo
D:/Projects/Unity Projects/PowDemo
Using Asset Import Pipeline V2.
Refreshing native plugins compatible for Editor in 48.45 ms, found 2 plugins.
Preloading 0 native plugins for Editor in 0.00 ms.
Initialize engine version: 2020.3.26f1 (7298b473bc1a)
[Subsystems] Discovering subsystems at path D:/Program Files/Unity/2020.3.26f1/Editor/Data/Resources/UnitySubsystems
[Subsystems] Discovering subsystems at path D:/Projects/Unity Projects/PowDemo/Assets
GfxDevice: creating device client; threaded=0
Direct3D:
    Version:  Direct3D 11.0 [level 11.0]
    Renderer: NVIDIA GeForce GTX 960M (ID=0x139b)
    Vendor:   
    VRAM:     4055 MB
    Driver:   30.0.15.1215
Initialize mono
Mono path[0] = 'D:/Program Files/Unity/2020.3.26f1/Editor/Data/Managed'
Mono path[1] = 'D:/Program Files/Unity/2020.3.26f1/Editor/Data/MonoBleedingEdge/lib/mono/unityjit'
Mono config path = 'D:/Program Files/Unity/2020.3.26f1/Editor/Data/MonoBleedingEdge/etc'
Using monoOptions --debugger-agent=transport=dt_socket,embedding=1,server=y,suspend=n,address=127.0.0.1:56876
Begin MonoManager ReloadAssembly
Registering precompiled unity dll's ...
Register platform support module: D:/Program Files/Unity/2020.3.26f1/Editor/Data/PlaybackEngines/WebGLSupport/UnityEditor.WebGL.Extensions.dll
Register platform support module: D:/Program Files/Unity/2020.3.26f1/Editor/Data/PlaybackEngines/WindowsStandaloneSupport/UnityEditor.WindowsStandalone.Extensions.dll
Registered in 0.001903 seconds.
Native extension for WindowsStandalone target not found
Native extension for WebGL target not found
Refreshing native plugins compatible for Editor in 48.01 ms, found 2 plugins.
Preloading 0 native plugins for Editor in 0.00 ms.
Mono: successfully reloaded assembly
- Completed reload, in  0.871 seconds
Domain Reload Profiling:
	ReloadAssembly (871ms)
		BeginReloadAssembly (72ms)
			ExecutionOrderSort (0ms)
			DisableScriptedObjects (0ms)
			BackupInstance (0ms)
			ReleaseScriptingObjects (0ms)
			CreateAndSetChildDomain (1ms)
		EndReloadAssembly (683ms)
			LoadAssemblies (71ms)
			RebuildTransferFunctionScriptingTraits (0ms)
			SetupTypeCache (245ms)
			ReleaseScriptCaches (0ms)
			RebuildScriptCaches (47ms)
			SetupLoadedEditorAssemblies (242ms)
				LogAssemblyErrors (0ms)
				InitializePlatformSupportModulesInManaged (7ms)
				SetLoadedEditorAssemblies (0ms)
				RefreshPlugins (48ms)
				BeforeProcessingInitializeOnLoad (25ms)
				ProcessInitializeOnLoadAttributes (120ms)
				ProcessInitializeOnLoadMethodAttributes (42ms)
				AfterProcessingInitializeOnLoad (0ms)
				EditorAssembliesLoaded (0ms)
			ExecutionOrderSort2 (0ms)
			AwakeInstancesAfterBackupRestoration (0ms)
Platform modules already initialized, skipping
Registering precompiled user dll's ...
Registered in 0.004112 seconds.
Begin MonoManager ReloadAssembly
Native extension for WindowsStandalone target not found
Native extension for WebGL target not found
Refreshing native plugins compatible for Editor in 0.46 ms, found 2 plugins.
Preloading 0 native plugins for Editor in 0.00 ms.
Mono: successfully reloaded assembly
- Completed reload, in  1.510 seconds
Domain Reload Profiling:
	ReloadAssembly (1511ms)
		BeginReloadAssembly (228ms)
			ExecutionOrderSort (0ms)
			DisableScriptedObjects (7ms)
			BackupInstance (0ms)
			ReleaseScriptingObjects (0ms)
			CreateAndSetChildDomain (34ms)
		EndReloadAssembly (1203ms)
			LoadAssemblies (151ms)
			RebuildTransferFunctionScriptingTraits (0ms)
			SetupTypeCache (434ms)
			ReleaseScriptCaches (1ms)
			RebuildScriptCaches (60ms)
			SetupLoadedEditorAssemblies (412ms)
				LogAssemblyErrors (0ms)
				InitializePlatformSupportModulesInManaged (7ms)
				SetLoadedEditorAssemblies (1ms)
				RefreshPlugins (1ms)
				BeforeProcessingInitializeOnLoad (105ms)
				ProcessInitializeOnLoadAttributes (283ms)
				ProcessInitializeOnLoadMethodAttributes (12ms)
				AfterProcessingInitializeOnLoad (3ms)
				EditorAssembliesLoaded (1ms)
			ExecutionOrderSort2 (0ms)
			AwakeInstancesAfterBackupRestoration (22ms)
Platform modules already initialized, skipping
========================================================================
Worker process is ready to serve import requests
Launched and connected shader compiler UnityShaderCompiler.exe after 0.09 seconds
Refreshing native plugins compatible for Editor in 0.44 ms, found 2 plugins.
Preloading 0 native plugins for Editor in 0.00 ms.
Unloading 1533 Unused Serialized files (Serialized files now loaded: 0)
System memory in use before: 71.5 MB.
System memory in use after: 71.6 MB.

Unloading 19 unused Assets to reduce memory usage. Loaded Objects now: 1967.
Total: 3.929900 ms (FindLiveObjects: 0.209900 ms CreateObjectMapping: 0.079300 ms MarkObjects: 3.553600 ms  DeleteObjects: 0.085500 ms)

AssetImportParameters requested are different than current active one (requested -> active):
  custom:framework-win-MediaFoundation: 216162199b28c13a410421893ffa2e32 -> 
  custom:video-decoder-ogg-theora: a1e56fd34408186e4bbccfd4996cb3dc -> 
  custom:container-muxer-webm: aa71ff27fc2769a1b78a27578f13a17b -> 
  custom:container-demuxer-webm: 4f35f7cbe854078d1ac9338744f61a02 -> 
  custom:container-demuxer-ogg: 62fdf1f143b41e24485cea50d1cbac27 -> 
  custom:video-encoder-webm-vp8: eb34c28f22e8b96e1ab97ce403110664 -> 
  custom:video-decoder-webm-vp8: 9c59270c3fd7afecdb556c50c9e8de78 -> 
  custom:audio-decoder-ogg-vorbis: bf7c407c2cedff20999df2af8eb42d56 -> 
  custom:audio-encoder-webm-vorbis: bf7c407c2cedff20999df2af8eb42d56 -> 
========================================================================
Received Import Request.
  path: Assets/Materials/Cherry 2.mat
  artifactKey: Guid(290f8569a3c04c442b3b13839b9b14c8) Importer(815301076,1909f56bfc062723c751e8b465ee728b)
Start importing Assets/Materials/Cherry 2.mat using Guid(290f8569a3c04c442b3b13839b9b14c8) Importer(815301076,1909f56bfc062723c751e8b465ee728b)  -> (artifact id: 'b09f4818d78bd4c7dc5f78299572808e') in 0.156936 seconds 
  Import took 0.160395 seconds .

========================================================================
Received Import Request.
  Time since last request: 0.000278 seconds.
  path: Assets/Materials/Cherry 4.mat
  artifactKey: Guid(b9e79e9fb3195bb47bbc647dbcd73025) Importer(815301076,1909f56bfc062723c751e8b465ee728b)
Start importing Assets/Materials/Cherry 4.mat using Guid(b9e79e9fb3195bb47bbc647dbcd73025) Importer(815301076,1909f56bfc062723c751e8b465ee728b)  -> (artifact id: '3f3ceed0f4aeedf645eca0d2e8a0b1fd') in 0.024714 seconds 
  Import took 0.028056 seconds .

========================================================================
Received Import Request.
  Time since last request: 0.000281 seconds.
  path: Assets/Materials/Cherry 3.mat
  artifactKey: Guid(d431cce4d9e6cae4193d567be951b184) Importer(815301076,1909f56bfc062723c751e8b465ee728b)
Start importing Assets/Materials/Cherry 3.mat using Guid(d431cce4d9e6cae4193d567be951b184) Importer(815301076,1909f56bfc062723c751e8b465ee728b)  -> (artifact id: 'e57b2c26534e3a2629ef7406d8f2aba0') in 0.016618 seconds 
  Import took 0.020925 seconds .

========================================================================
Received Import Request.
  Time since last request: 0.000273 seconds.
  path: Assets/Materials/Cherry 1.mat
  artifactKey: Guid(9baf409db7a71ee41802845d51ba4158) Importer(815301076,1909f56bfc062723c751e8b465ee728b)
Start importing Assets/Materials/Cherry 1.mat using Guid(9baf409db7a71ee41802845d51ba4158) Importer(815301076,1909f56bfc062723c751e8b465ee728b)  -> (artifact id: 'f76df6325e349c45a32c8c72376044ed') in 0.015027 seconds 
  Import took 0.018690 seconds .

========================================================================
Received Import Request.
  Time since last request: 0.000315 seconds.
  path: Assets/Materials/Cherry 5.mat
  artifactKey: Guid(20ea6dd64cb42f446b3b0d8cf18c5a58) Importer(815301076,1909f56bfc062723c751e8b465ee728b)
Start importing Assets/Materials/Cherry 5.mat using Guid(20ea6dd64cb42f446b3b0d8cf18c5a58) Importer(815301076,1909f56bfc062723c751e8b465ee728b)  -> (artifact id: 'c4fc1aba32f68c31b654abee00f68e78') in 0.014161 seconds 
  Import took 0.018553 seconds .

========================================================================
Received Import Request.
  Time since last request: 1.531357 seconds.
  path: Assets/Materials/Cup.mat
  artifactKey: Guid(9baf409db7a71ee41802845d51ba4158) Importer(815301076,1909f56bfc062723c751e8b465ee728b)
Start importing Assets/Materials/Cup.mat using Guid(9baf409db7a71ee41802845d51ba4158) Importer(815301076,1909f56bfc062723c751e8b465ee728b)  -> (artifact id: 'b3f4b669aa2d18570ea42ca6b3ef816e') in 0.015621 seconds 
  Import took 0.019068 seconds .

========================================================================
Received Import Request.
  Time since last request: 4.198170 seconds.
  path: Assets/Materials/Cupcake.mat
  artifactKey: Guid(290f8569a3c04c442b3b13839b9b14c8) Importer(815301076,1909f56bfc062723c751e8b465ee728b)
Start importing Assets/Materials/Cupcake.mat using Guid(290f8569a3c04c442b3b13839b9b14c8) Importer(815301076,1909f56bfc062723c751e8b465ee728b)  -> (artifact id: 'bdb1440bb89df7c9141dcf7d213118eb') in 0.015637 seconds 
  Import took 0.019145 seconds .

========================================================================
Received Import Request.
  Time since last request: 5.840628 seconds.
  path: Assets/Materials/Diamond.mat
  artifactKey: Guid(d431cce4d9e6cae4193d567be951b184) Importer(815301076,1909f56bfc062723c751e8b465ee728b)
Start importing Assets/Materials/Diamond.mat using Guid(d431cce4d9e6cae4193d567be951b184) Importer(815301076,1909f56bfc062723c751e8b465ee728b)  -> (artifact id: '10cbf0c5ddc84f3b51d1a9dd043106dd') in 0.016167 seconds 
  Import took 0.019897 seconds .

========================================================================
Received Import Request.
  Time since last request: 3.282570 seconds.
  path: Assets/Materials/Donut.mat
  artifactKey: Guid(b9e79e9fb3195bb47bbc647dbcd73025) Importer(815301076,1909f56bfc062723c751e8b465ee728b)
Start importing Assets/Materials/Donut.mat using Guid(b9e79e9fb3195bb47bbc647dbcd73025) Importer(815301076,1909f56bfc062723c751e8b465ee728b)  -> (artifact id: '64b7db92b590ceb6e01335001f035a96') in 0.016931 seconds 
  Import took 0.020620 seconds .

========================================================================
Received Import Request.
  Time since last request: 4.135478 seconds.
  path: Assets/Materials/IceCream.mat
  artifactKey: Guid(20ea6dd64cb42f446b3b0d8cf18c5a58) Importer(815301076,1909f56bfc062723c751e8b465ee728b)
Start importing Assets/Materials/IceCream.mat using Guid(20ea6dd64cb42f446b3b0d8cf18c5a58) Importer(815301076,1909f56bfc062723c751e8b465ee728b)  -> (artifact id: '022aad2da3c25b49157eea547ec45b25') in 0.015313 seconds 
  Import took 0.018950 seconds .

========================================================================
Received Import Request.
  Time since last request: 18.015894 seconds.
  path: Assets/Scenes/SampleScene/ReflectionProbe-0.exr
  artifactKey: Guid(b3638d8b489488340a2560bb6844f2c7) Importer(815301076,1909f56bfc062723c751e8b465ee728b)
Start importing Assets/Scenes/SampleScene/ReflectionProbe-0.exr using Guid(b3638d8b489488340a2560bb6844f2c7) Importer(815301076,1909f56bfc062723c751e8b465ee728b)  -> (artifact id: '457652c6f64850ad22de83afa361a992') in 0.066858 seconds 
  Import took 0.070463 seconds .

========================================================================
Received Import Request.
  Time since last request: 66.249878 seconds.
  path: Assets/PowGamesCase_AlperenOnal/Assets/CubeAsset/Texture/Cup 1.png
  artifactKey: Guid(32c0740f573437741b3e1271f4e6b76d) Importer(815301076,1909f56bfc062723c751e8b465ee728b)
Start importing Assets/PowGamesCase_AlperenOnal/Assets/CubeAsset/Texture/Cup 1.png using Guid(32c0740f573437741b3e1271f4e6b76d) Importer(815301076,1909f56bfc062723c751e8b465ee728b)  -> (artifact id: '306ffbc8c215cabd4c49dd72d32265b9') in 0.027943 seconds 
  Import took 0.031862 seconds .

========================================================================
Received Import Request.
  Time since last request: 3.107700 seconds.
  path: Assets/PowGamesCase_AlperenOnal/Assets/CubeAsset/Texture/Cupcake 1.png
  artifactKey: Guid(38cab528a98086e4eb835160c9faeb28) Importer(815301076,1909f56bfc062723c751e8b465ee728b)
Start importing Assets/PowGamesCase_AlperenOnal/Assets/CubeAsset/Texture/Cupcake 1.png using Guid(38cab528a98086e4eb835160c9faeb28) Importer(815301076,1909f56bfc062723c751e8b465ee728b)  -> (artifact id: 'dbba3db30c77eed8c4bc589a5979c993') in 0.011505 seconds 
  Import took 0.015188 seconds .

========================================================================
Received Import Request.
  Time since last request: 13.197827 seconds.
  path: Assets/PowGamesCase_AlperenOnal/Assets/CubeAsset/Texture/Diamond 1.png
  artifactKey: Guid(aecce1843dbd16049a4969ded643de69) Importer(815301076,1909f56bfc062723c751e8b465ee728b)
Start importing Assets/PowGamesCase_AlperenOnal/Assets/CubeAsset/Texture/Diamond 1.png using Guid(aecce1843dbd16049a4969ded643de69) Importer(815301076,1909f56bfc062723c751e8b465ee728b)  -> (artifact id: 'b5502c864e3906d72f807a95085b97e5') in 0.011802 seconds 
  Import took 0.016129 seconds .

========================================================================
Received Import Request.
  Time since last request: 4.665310 seconds.
  path: Assets/PowGamesCase_AlperenOnal/Assets/CubeAsset/Texture/Donut 1.png
  artifactKey: Guid(de3197516b1c2a44f84d0588c97e7634) Importer(815301076,1909f56bfc062723c751e8b465ee728b)
Start importing Assets/PowGamesCase_AlperenOnal/Assets/CubeAsset/Texture/Donut 1.png using Guid(de3197516b1c2a44f84d0588c97e7634) Importer(815301076,1909f56bfc062723c751e8b465ee728b)  -> (artifact id: 'b3caf79327df89588374dd16b3933f14') in 0.012221 seconds 
  Import took 0.015938 seconds .

========================================================================
Received Import Request.
  Time since last request: 5.215485 seconds.
  path: Assets/PowGamesCase_AlperenOnal/Assets/CubeAsset/Texture/IceCream 1.png
  artifactKey: Guid(bbcc9abbdecfd7e4bbe4c8fb20668565) Importer(815301076,1909f56bfc062723c751e8b465ee728b)
Start importing Assets/PowGamesCase_AlperenOnal/Assets/CubeAsset/Texture/IceCream 1.png using Guid(bbcc9abbdecfd7e4bbe4c8fb20668565) Importer(815301076,1909f56bfc062723c751e8b465ee728b)  -> (artifact id: 'c0228b9d771d77a17578786a3f86f65e') in 0.011928 seconds 
  Import took 0.015439 seconds .

========================================================================
Received Import Request.
  Time since last request: 31.798351 seconds.
  path: Assets/UI Text/Cup 1.png
  artifactKey: Guid(32c0740f573437741b3e1271f4e6b76d) Importer(815301076,1909f56bfc062723c751e8b465ee728b)
Start importing Assets/UI Text/Cup 1.png using Guid(32c0740f573437741b3e1271f4e6b76d) Importer(815301076,1909f56bfc062723c751e8b465ee728b)  -> (artifact id: 'ca2b56bc913dabdb4c854e7aa79428a0') in 0.035125 seconds 
  Import took 0.039033 seconds .

========================================================================
Received Import Request.
  Time since last request: 0.000305 seconds.
  path: Assets/UI Text/Donut 1.png
  artifactKey: Guid(de3197516b1c2a44f84d0588c97e7634) Importer(815301076,1909f56bfc062723c751e8b465ee728b)
Start importing Assets/UI Text/Donut 1.png using Guid(de3197516b1c2a44f84d0588c97e7634) Importer(815301076,1909f56bfc062723c751e8b465ee728b)  -> (artifact id: '6b92fbff7540cd46896cef4334fe06d3') in 0.021883 seconds 
  Import took 0.025832 seconds .

========================================================================
Received Import Request.
  Time since last request: 0.000265 seconds.
  path: Assets/UI Text/Cupcake 1.png
  artifactKey: Guid(38cab528a98086e4eb835160c9faeb28) Importer(815301076,1909f56bfc062723c751e8b465ee728b)
Start importing Assets/UI Text/Cupcake 1.png using Guid(38cab528a98086e4eb835160c9faeb28) Importer(815301076,1909f56bfc062723c751e8b465ee728b)  -> (artifact id: 'f47bd9e218d622f70f7ec7ce1cd37dcc') in 0.018731 seconds 
  Import took 0.022230 seconds .

========================================================================
Received Import Request.
  Time since last request: 0.000262 seconds.
  path: Assets/UI Text/Diamond 1.png
  artifactKey: Guid(aecce1843dbd16049a4969ded643de69) Importer(815301076,1909f56bfc062723c751e8b465ee728b)
Start importing Assets/UI Text/Diamond 1.png using Guid(aecce1843dbd16049a4969ded643de69) Importer(815301076,1909f56bfc062723c751e8b465ee728b)  -> (artifact id: '89ac27961dff93cb1f6aec58988e3358') in 0.016342 seconds 
  Import took 0.019886 seconds .

========================================================================
Received Import Request.
  Time since last request: 0.000253 seconds.
  path: Assets/UI Text/IceCream 1.png
  artifactKey: Guid(bbcc9abbdecfd7e4bbe4c8fb20668565) Importer(815301076,1909f56bfc062723c751e8b465ee728b)
Start importing Assets/UI Text/IceCream 1.png using Guid(bbcc9abbdecfd7e4bbe4c8fb20668565) Importer(815301076,1909f56bfc062723c751e8b465ee728b)  -> (artifact id: 'c9f85d44bfb95f40c9b07eebed4a5f7b') in 0.017535 seconds 
  Import took 0.021503 seconds .

========================================================================
Received Import Request.
  Time since last request: 27.709175 seconds.
  path: Assets/Prefabs/Cup.prefab
  artifactKey: Guid(72f67a6297bd6b941bb140e29bde029e) Importer(815301076,1909f56bfc062723c751e8b465ee728b)
Start importing Assets/Prefabs/Cup.prefab using Guid(72f67a6297bd6b941bb140e29bde029e) Importer(815301076,1909f56bfc062723c751e8b465ee728b)  -> (artifact id: 'e1c3fa5d13824d25899b0d68b7eb26a1') in 0.028930 seconds 
  Import took 0.032914 seconds .

========================================================================
Received Import Request.
  Time since last request: 5.304352 seconds.
  path: Assets/Prefabs/Cupcake.prefab
  artifactKey: Guid(57771c1a71ccbf441aceeb101039963e) Importer(815301076,1909f56bfc062723c751e8b465ee728b)
Start importing Assets/Prefabs/Cupcake.prefab using Guid(57771c1a71ccbf441aceeb101039963e) Importer(815301076,1909f56bfc062723c751e8b465ee728b)  -> (artifact id: 'f2ac6732e2d5a0267de67b3a78487f46') in 0.014264 seconds 
  Import took 0.018638 seconds .

========================================================================
Received Import Request.
  Time since last request: 1.631293 seconds.
  path: Assets/Prefabs/Diamond.prefab
  artifactKey: Guid(dad1b8be1b1ea8d4db4b96fa7230afc6) Importer(815301076,1909f56bfc062723c751e8b465ee728b)
Start importing Assets/Prefabs/Diamond.prefab using Guid(dad1b8be1b1ea8d4db4b96fa7230afc6) Importer(815301076,1909f56bfc062723c751e8b465ee728b)  -> (artifact id: '65ac5e27aa2698c68e56367d60c99294') in 0.017045 seconds 
  Import took 0.020912 seconds .

========================================================================
Received Import Request.
  Time since last request: 1.802955 seconds.
  path: Assets/Prefabs/Donut.prefab
  artifactKey: Guid(09fcc8e8c0a0e60428d126f777172f1e) Importer(815301076,1909f56bfc062723c751e8b465ee728b)
Start importing Assets/Prefabs/Donut.prefab using Guid(09fcc8e8c0a0e60428d126f777172f1e) Importer(815301076,1909f56bfc062723c751e8b465ee728b)  -> (artifact id: '667f42a4e12f56bc5837dd05eda54601') in 0.014783 seconds 
  Import took 0.018361 seconds .

========================================================================
Received Import Request.
  Time since last request: 2.503759 seconds.
  path: Assets/Prefabs/IceCream.prefab
  artifactKey: Guid(984723705cc97d84bb6619cb769204d2) Importer(815301076,1909f56bfc062723c751e8b465ee728b)
Start importing Assets/Prefabs/IceCream.prefab using Guid(984723705cc97d84bb6619cb769204d2) Importer(815301076,1909f56bfc062723c751e8b465ee728b)  -> (artifact id: '223b8c95208f261c176b5e938dfaa3c1') in 0.016627 seconds 
  Import took 0.021079 seconds .

========================================================================
Received Import Request.
  Time since last request: 9.133298 seconds.
  path: Assets/Prefabs/Cup.prefab
  artifactKey: Guid(72f67a6297bd6b941bb140e29bde029e) Importer(815301076,1909f56bfc062723c751e8b465ee728b)
Start importing Assets/Prefabs/Cup.prefab using Guid(72f67a6297bd6b941bb140e29bde029e) Importer(815301076,1909f56bfc062723c751e8b465ee728b)  -> (artifact id: 'd4789696cffc8609b36edd6c6dfa3ad9') in 0.014042 seconds 
  Import took 0.017707 seconds .

========================================================================
Received Import Request.
  Time since last request: 6.753257 seconds.
  path: Assets/Prefabs/Cupcake.prefab
  artifactKey: Guid(57771c1a71ccbf441aceeb101039963e) Importer(815301076,1909f56bfc062723c751e8b465ee728b)
Start importing Assets/Prefabs/Cupcake.prefab using Guid(57771c1a71ccbf441aceeb101039963e) Importer(815301076,1909f56bfc062723c751e8b465ee728b)  -> (artifact id: 'e488bc6c2df92c98daa4e097f56a45fa') in 0.014887 seconds 
  Import took 0.018334 seconds .

========================================================================
Received Import Request.
  Time since last request: 5.400980 seconds.
  path: Assets/Prefabs/Diamond.prefab
  artifactKey: Guid(dad1b8be1b1ea8d4db4b96fa7230afc6) Importer(815301076,1909f56bfc062723c751e8b465ee728b)
Start importing Assets/Prefabs/Diamond.prefab using Guid(dad1b8be1b1ea8d4db4b96fa7230afc6) Importer(815301076,1909f56bfc062723c751e8b465ee728b)  -> (artifact id: '89868e3215350080bc516b51b91be692') in 0.018386 seconds 
  Import took 0.022165 seconds .

========================================================================
Received Import Request.
  Time since last request: 2.734616 seconds.
  path: Assets/Prefabs/Donut.prefab
  artifactKey: Guid(09fcc8e8c0a0e60428d126f777172f1e) Importer(815301076,1909f56bfc062723c751e8b465ee728b)
Start importing Assets/Prefabs/Donut.prefab using Guid(09fcc8e8c0a0e60428d126f777172f1e) Importer(815301076,1909f56bfc062723c751e8b465ee728b)  -> (artifact id: '5622e6795f293f389dbdef6dcffbc2f8') in 0.016669 seconds 
  Import took 0.020414 seconds .

========================================================================
Received Import Request.
  Time since last request: 11.051961 seconds.
  path: Assets/Prefabs/IceCream.prefab
  artifactKey: Guid(984723705cc97d84bb6619cb769204d2) Importer(815301076,1909f56bfc062723c751e8b465ee728b)
Start importing Assets/Prefabs/IceCream.prefab using Guid(984723705cc97d84bb6619cb769204d2) Importer(815301076,1909f56bfc062723c751e8b465ee728b)  -> (artifact id: '583360bb4016aac27994b8024ab01451') in 0.017929 seconds 
  Import took 0.021573 seconds .

========================================================================
Received Prepare
Registering precompiled user dll's ...
Registered in 0.003906 seconds.
Begin MonoManager ReloadAssembly
Native extension for WindowsStandalone target not found
Native extension for WebGL target not found
Refreshing native plugins compatible for Editor in 0.51 ms, found 2 plugins.
Preloading 0 native plugins for Editor in 0.00 ms.
Mono: successfully reloaded assembly
- Completed reload, in  1.438 seconds
Domain Reload Profiling:
	ReloadAssembly (1439ms)
		BeginReloadAssembly (181ms)
			ExecutionOrderSort (0ms)
			DisableScriptedObjects (6ms)
			BackupInstance (0ms)
			ReleaseScriptingObjects (0ms)
			CreateAndSetChildDomain (49ms)
		EndReloadAssembly (1168ms)
			LoadAssemblies (127ms)
			RebuildTransferFunctionScriptingTraits (0ms)
			SetupTypeCache (438ms)
			ReleaseScriptCaches (1ms)
			RebuildScriptCaches (58ms)
			SetupLoadedEditorAssemblies (406ms)
				LogAssemblyErrors (0ms)
				InitializePlatformSupportModulesInManaged (8ms)
				SetLoadedEditorAssemblies (1ms)
				RefreshPlugins (1ms)
				BeforeProcessingInitializeOnLoad (101ms)
				ProcessInitializeOnLoadAttributes (280ms)
				ProcessInitializeOnLoadMethodAttributes (12ms)
				AfterProcessingInitializeOnLoad (3ms)
				EditorAssembliesLoaded (0ms)
			ExecutionOrderSort2 (0ms)
			AwakeInstancesAfterBackupRestoration (10ms)
Platform modules already initialized, skipping
Refreshing native plugins compatible for Editor in 0.47 ms, found 2 plugins.
Preloading 0 native plugins for Editor in 0.00 ms.
Unloading 1514 Unused Serialized files (Serialized files now loaded: 0)
System memory in use before: 73.4 MB.
System memory in use after: 73.5 MB.

Unloading 14 unused Assets to reduce memory usage. Loaded Objects now: 2013.
Total: 4.051100 ms (FindLiveObjects: 0.182900 ms CreateObjectMapping: 0.116700 ms MarkObjects: 3.729100 ms  DeleteObjects: 0.021000 ms)

AssetImportParameters requested are different than current active one (requested -> active):
  custom:framework-win-MediaFoundation: 216162199b28c13a410421893ffa2e32 -> 
  custom:video-decoder-ogg-theora: a1e56fd34408186e4bbccfd4996cb3dc -> 
  custom:container-muxer-webm: aa71ff27fc2769a1b78a27578f13a17b -> 
  custom:container-demuxer-webm: 4f35f7cbe854078d1ac9338744f61a02 -> 
  custom:container-demuxer-ogg: 62fdf1f143b41e24485cea50d1cbac27 -> 
  custom:video-encoder-webm-vp8: eb34c28f22e8b96e1ab97ce403110664 -> 
  custom:video-decoder-webm-vp8: 9c59270c3fd7afecdb556c50c9e8de78 -> 
  custom:audio-decoder-ogg-vorbis: bf7c407c2cedff20999df2af8eb42d56 -> 
  custom:audio-encoder-webm-vorbis: bf7c407c2cedff20999df2af8eb42d56 -> 
========================================================================
Received Import Request.
  Time since last request: 74.365048 seconds.
  path: Assets/Scripts/Child/Avacado.cs
  artifactKey: Guid(71b1c61ccc5eac84f808cbc0946dfcde) Importer(815301076,1909f56bfc062723c751e8b465ee728b)
Start importing Assets/Scripts/Child/Avacado.cs using Guid(71b1c61ccc5eac84f808cbc0946dfcde) Importer(815301076,1909f56bfc062723c751e8b465ee728b)  -> (artifact id: 'faed3742874481b6281e42bd191820ac') in 0.014998 seconds 
  Import took 0.019076 seconds .

========================================================================
Received Import Request.
  Time since last request: 8.028905 seconds.
  path: Assets/Scripts/Child/Cup.cs
  artifactKey: Guid(52ebe24d480b6c1458115b01da6ef225) Importer(815301076,1909f56bfc062723c751e8b465ee728b)
Start importing Assets/Scripts/Child/Cup.cs using Guid(52ebe24d480b6c1458115b01da6ef225) Importer(815301076,1909f56bfc062723c751e8b465ee728b)  -> (artifact id: '5be092fb92b759b49ca4d126b721b820') in 0.002466 seconds 
  Import took 0.006527 seconds .

========================================================================
Received Prepare
Registering precompiled user dll's ...
Registered in 0.003940 seconds.
Begin MonoManager ReloadAssembly
Native extension for WindowsStandalone target not found
Native extension for WebGL target not found
Refreshing native plugins compatible for Editor in 0.46 ms, found 2 plugins.
Preloading 0 native plugins for Editor in 0.00 ms.
Mono: successfully reloaded assembly
- Completed reload, in  1.431 seconds
Domain Reload Profiling:
	ReloadAssembly (1432ms)
		BeginReloadAssembly (139ms)
			ExecutionOrderSort (0ms)
			DisableScriptedObjects (7ms)
			BackupInstance (0ms)
			ReleaseScriptingObjects (0ms)
			CreateAndSetChildDomain (49ms)
		EndReloadAssembly (1203ms)
			LoadAssemblies (113ms)
			RebuildTransferFunctionScriptingTraits (0ms)
			SetupTypeCache (466ms)
			ReleaseScriptCaches (1ms)
			RebuildScriptCaches (56ms)
			SetupLoadedEditorAssemblies (418ms)
				LogAssemblyErrors (0ms)
				InitializePlatformSupportModulesInManaged (7ms)
				SetLoadedEditorAssemblies (1ms)
				RefreshPlugins (1ms)
				BeforeProcessingInitializeOnLoad (120ms)
				ProcessInitializeOnLoadAttributes (274ms)
				ProcessInitializeOnLoadMethodAttributes (11ms)
				AfterProcessingInitializeOnLoad (3ms)
				EditorAssembliesLoaded (0ms)
			ExecutionOrderSort2 (0ms)
			AwakeInstancesAfterBackupRestoration (10ms)
Platform modules already initialized, skipping
Refreshing native plugins compatible for Editor in 0.48 ms, found 2 plugins.
Preloading 0 native plugins for Editor in 0.00 ms.
Unloading 1515 Unused Serialized files (Serialized files now loaded: 0)
System memory in use before: 73.5 MB.
System memory in use after: 73.6 MB.

Unloading 14 unused Assets to reduce memory usage. Loaded Objects now: 2016.
Total: 3.371100 ms (FindLiveObjects: 0.157900 ms CreateObjectMapping: 0.075100 ms MarkObjects: 3.118400 ms  DeleteObjects: 0.018500 ms)

AssetImportParameters requested are different than current active one (requested -> active):
  custom:framework-win-MediaFoundation: 216162199b28c13a410421893ffa2e32 -> 
  custom:video-decoder-ogg-theora: a1e56fd34408186e4bbccfd4996cb3dc -> 
  custom:container-muxer-webm: aa71ff27fc2769a1b78a27578f13a17b -> 
  custom:container-demuxer-webm: 4f35f7cbe854078d1ac9338744f61a02 -> 
  custom:container-demuxer-ogg: 62fdf1f143b41e24485cea50d1cbac27 -> 
  custom:video-encoder-webm-vp8: eb34c28f22e8b96e1ab97ce403110664 -> 
  custom:video-decoder-webm-vp8: 9c59270c3fd7afecdb556c50c9e8de78 -> 
  custom:audio-decoder-ogg-vorbis: bf7c407c2cedff20999df2af8eb42d56 -> 
  custom:audio-encoder-webm-vorbis: bf7c407c2cedff20999df2af8eb42d56 -> 
========================================================================
Received Import Request.
  Time since last request: 11.010292 seconds.
  path: Assets/Scripts/Child/Cupcake.cs
  artifactKey: Guid(43c8bad440b25654290ab1737120b2f6) Importer(815301076,1909f56bfc062723c751e8b465ee728b)
Start importing Assets/Scripts/Child/Cupcake.cs using Guid(43c8bad440b25654290ab1737120b2f6) Importer(815301076,1909f56bfc062723c751e8b465ee728b)  -> (artifact id: 'fc219881fa41065e414774415341a8ae') in 0.006007 seconds 
  Import took 0.010390 seconds .

========================================================================
Received Prepare
Registering precompiled user dll's ...
Registered in 0.004897 seconds.
Begin MonoManager ReloadAssembly
Native extension for WindowsStandalone target not found
Native extension for WebGL target not found
Refreshing native plugins compatible for Editor in 0.47 ms, found 2 plugins.
Preloading 0 native plugins for Editor in 0.00 ms.
Mono: successfully reloaded assembly
- Completed reload, in  1.409 seconds
Domain Reload Profiling:
	ReloadAssembly (1409ms)
		BeginReloadAssembly (140ms)
			ExecutionOrderSort (0ms)
			DisableScriptedObjects (7ms)
			BackupInstance (0ms)
			ReleaseScriptingObjects (0ms)
			CreateAndSetChildDomain (44ms)
		EndReloadAssembly (1187ms)
			LoadAssemblies (117ms)
			RebuildTransferFunctionScriptingTraits (0ms)
			SetupTypeCache (440ms)
			ReleaseScriptCaches (1ms)
			RebuildScriptCaches (56ms)
			SetupLoadedEditorAssemblies (436ms)
				LogAssemblyErrors (0ms)
				InitializePlatformSupportModulesInManaged (7ms)
				SetLoadedEditorAssemblies (1ms)
				RefreshPlugins (1ms)
				BeforeProcessingInitializeOnLoad (137ms)
				ProcessInitializeOnLoadAttributes (275ms)
				ProcessInitializeOnLoadMethodAttributes (12ms)
				AfterProcessingInitializeOnLoad (3ms)
				EditorAssembliesLoaded (0ms)
			ExecutionOrderSort2 (0ms)
			AwakeInstancesAfterBackupRestoration (10ms)
Platform modules already initialized, skipping
Refreshing native plugins compatible for Editor in 0.46 ms, found 2 plugins.
Preloading 0 native plugins for Editor in 0.00 ms.
Unloading 1516 Unused Serialized files (Serialized files now loaded: 0)
System memory in use before: 73.5 MB.
System memory in use after: 73.6 MB.

Unloading 14 unused Assets to reduce memory usage. Loaded Objects now: 2019.
Total: 4.034700 ms (FindLiveObjects: 0.228400 ms CreateObjectMapping: 0.079500 ms MarkObjects: 3.704200 ms  DeleteObjects: 0.021300 ms)

AssetImportParameters requested are different than current active one (requested -> active):
  custom:framework-win-MediaFoundation: 216162199b28c13a410421893ffa2e32 -> 
  custom:video-decoder-ogg-theora: a1e56fd34408186e4bbccfd4996cb3dc -> 
  custom:container-muxer-webm: aa71ff27fc2769a1b78a27578f13a17b -> 
  custom:container-demuxer-webm: 4f35f7cbe854078d1ac9338744f61a02 -> 
  custom:container-demuxer-ogg: 62fdf1f143b41e24485cea50d1cbac27 -> 
  custom:video-encoder-webm-vp8: eb34c28f22e8b96e1ab97ce403110664 -> 
  custom:video-decoder-webm-vp8: 9c59270c3fd7afecdb556c50c9e8de78 -> 
  custom:audio-decoder-ogg-vorbis: bf7c407c2cedff20999df2af8eb42d56 -> 
  custom:audio-encoder-webm-vorbis: bf7c407c2cedff20999df2af8eb42d56 -> 
========================================================================
Received Import Request.
  Time since last request: 12.873661 seconds.
  path: Assets/Scripts/Child/Diamond.cs
  artifactKey: Guid(bcd325bdd64852841b1afd16ff0cfab3) Importer(815301076,1909f56bfc062723c751e8b465ee728b)
Start importing Assets/Scripts/Child/Diamond.cs using Guid(bcd325bdd64852841b1afd16ff0cfab3) Importer(815301076,1909f56bfc062723c751e8b465ee728b)  -> (artifact id: '9b61cbfda913576f852c8f3b718837bc') in 0.006541 seconds 
  Import took 0.010790 seconds .

========================================================================
Received Prepare
Registering precompiled user dll's ...
Registered in 0.004001 seconds.
Begin MonoManager ReloadAssembly
Native extension for WindowsStandalone target not found
Native extension for WebGL target not found
Refreshing native plugins compatible for Editor in 0.59 ms, found 2 plugins.
Preloading 0 native plugins for Editor in 0.00 ms.
Mono: successfully reloaded assembly
- Completed reload, in  1.386 seconds
Domain Reload Profiling:
	ReloadAssembly (1386ms)
		BeginReloadAssembly (149ms)
			ExecutionOrderSort (0ms)
			DisableScriptedObjects (6ms)
			BackupInstance (0ms)
			ReleaseScriptingObjects (0ms)
			CreateAndSetChildDomain (42ms)
		EndReloadAssembly (1152ms)
			LoadAssemblies (120ms)
			RebuildTransferFunctionScriptingTraits (0ms)
			SetupTypeCache (427ms)
			ReleaseScriptCaches (1ms)
			RebuildScriptCaches (55ms)
			SetupLoadedEditorAssemblies (417ms)
				LogAssemblyErrors (0ms)
				InitializePlatformSupportModulesInManaged (8ms)
				SetLoadedEditorAssemblies (1ms)
				RefreshPlugins (1ms)
				BeforeProcessingInitializeOnLoad (120ms)
				ProcessInitializeOnLoadAttributes (274ms)
				ProcessInitializeOnLoadMethodAttributes (11ms)
				AfterProcessingInitializeOnLoad (3ms)
				EditorAssembliesLoaded (0ms)
			ExecutionOrderSort2 (0ms)
			AwakeInstancesAfterBackupRestoration (9ms)
Platform modules already initialized, skipping
Refreshing native plugins compatible for Editor in 0.47 ms, found 2 plugins.
Preloading 0 native plugins for Editor in 0.00 ms.
Unloading 1517 Unused Serialized files (Serialized files now loaded: 0)
System memory in use before: 73.6 MB.
System memory in use after: 73.7 MB.

Unloading 14 unused Assets to reduce memory usage. Loaded Objects now: 2022.
Total: 4.034200 ms (FindLiveObjects: 0.202300 ms CreateObjectMapping: 0.125400 ms MarkObjects: 3.684600 ms  DeleteObjects: 0.020500 ms)

AssetImportParameters requested are different than current active one (requested -> active):
  custom:framework-win-MediaFoundation: 216162199b28c13a410421893ffa2e32 -> 
  custom:video-decoder-ogg-theora: a1e56fd34408186e4bbccfd4996cb3dc -> 
  custom:container-muxer-webm: aa71ff27fc2769a1b78a27578f13a17b -> 
  custom:container-demuxer-webm: 4f35f7cbe854078d1ac9338744f61a02 -> 
  custom:container-demuxer-ogg: 62fdf1f143b41e24485cea50d1cbac27 -> 
  custom:video-encoder-webm-vp8: eb34c28f22e8b96e1ab97ce403110664 -> 
  custom:video-decoder-webm-vp8: 9c59270c3fd7afecdb556c50c9e8de78 -> 
  custom:audio-decoder-ogg-vorbis: bf7c407c2cedff20999df2af8eb42d56 -> 
  custom:audio-encoder-webm-vorbis: bf7c407c2cedff20999df2af8eb42d56 -> 
========================================================================
Received Import Request.
  Time since last request: 9.141776 seconds.
  path: Assets/Scripts/Child/Donut.cs
  artifactKey: Guid(1de8bdd045faafa42b90129337b3f534) Importer(815301076,1909f56bfc062723c751e8b465ee728b)
Start importing Assets/Scripts/Child/Donut.cs using Guid(1de8bdd045faafa42b90129337b3f534) Importer(815301076,1909f56bfc062723c751e8b465ee728b)  -> (artifact id: '309640d560a079f0512043b5d509ca99') in 0.005648 seconds 
  Import took 0.010762 seconds .

========================================================================
Received Prepare
Registering precompiled user dll's ...
Registered in 0.003955 seconds.
Begin MonoManager ReloadAssembly
Native extension for WindowsStandalone target not found
Native extension for WebGL target not found
Refreshing native plugins compatible for Editor in 0.48 ms, found 2 plugins.
Preloading 0 native plugins for Editor in 0.00 ms.
Mono: successfully reloaded assembly
- Completed reload, in  1.325 seconds
Domain Reload Profiling:
	ReloadAssembly (1325ms)
		BeginReloadAssembly (144ms)
			ExecutionOrderSort (0ms)
			DisableScriptedObjects (7ms)
			BackupInstance (0ms)
			ReleaseScriptingObjects (0ms)
			CreateAndSetChildDomain (45ms)
		EndReloadAssembly (1094ms)
			LoadAssemblies (118ms)
			RebuildTransferFunctionScriptingTraits (0ms)
			SetupTypeCache (408ms)
			ReleaseScriptCaches (1ms)
			RebuildScriptCaches (54ms)
			SetupLoadedEditorAssemblies (382ms)
				LogAssemblyErrors (0ms)
				InitializePlatformSupportModulesInManaged (7ms)
				SetLoadedEditorAssemblies (1ms)
				RefreshPlugins (1ms)
				BeforeProcessingInitializeOnLoad (96ms)
				ProcessInitializeOnLoadAttributes (263ms)
				ProcessInitializeOnLoadMethodAttributes (11ms)
				AfterProcessingInitializeOnLoad (3ms)
				EditorAssembliesLoaded (0ms)
			ExecutionOrderSort2 (0ms)
			AwakeInstancesAfterBackupRestoration (9ms)
Platform modules already initialized, skipping
Refreshing native plugins compatible for Editor in 0.47 ms, found 2 plugins.
Preloading 0 native plugins for Editor in 0.00 ms.
Unloading 1518 Unused Serialized files (Serialized files now loaded: 0)
System memory in use before: 73.6 MB.
System memory in use after: 73.7 MB.

Unloading 14 unused Assets to reduce memory usage. Loaded Objects now: 2025.
Total: 3.624700 ms (FindLiveObjects: 0.179800 ms CreateObjectMapping: 0.076200 ms MarkObjects: 3.344800 ms  DeleteObjects: 0.022500 ms)

AssetImportParameters requested are different than current active one (requested -> active):
  custom:framework-win-MediaFoundation: 216162199b28c13a410421893ffa2e32 -> 
  custom:video-decoder-ogg-theora: a1e56fd34408186e4bbccfd4996cb3dc -> 
  custom:container-muxer-webm: aa71ff27fc2769a1b78a27578f13a17b -> 
  custom:container-demuxer-webm: 4f35f7cbe854078d1ac9338744f61a02 -> 
  custom:container-demuxer-ogg: 62fdf1f143b41e24485cea50d1cbac27 -> 
  custom:video-encoder-webm-vp8: eb34c28f22e8b96e1ab97ce403110664 -> 
  custom:video-decoder-webm-vp8: 9c59270c3fd7afecdb556c50c9e8de78 -> 
  custom:audio-decoder-ogg-vorbis: bf7c407c2cedff20999df2af8eb42d56 -> 
  custom:audio-encoder-webm-vorbis: bf7c407c2cedff20999df2af8eb42d56 -> 
========================================================================
Received Import Request.
  Time since last request: 12.408018 seconds.
  path: Assets/Scripts/Child/IceCream.cs
  artifactKey: Guid(a78ed76eecf646e429a2c661c2530bca) Importer(815301076,1909f56bfc062723c751e8b465ee728b)
Start importing Assets/Scripts/Child/IceCream.cs using Guid(a78ed76eecf646e429a2c661c2530bca) Importer(815301076,1909f56bfc062723c751e8b465ee728b)  -> (artifact id: '4091a0bc5b47fbc649fc62261e52859b') in 0.006004 seconds 
  Import took 0.010644 seconds .

========================================================================
Received Prepare
Registering precompiled user dll's ...
Registered in 0.003905 seconds.
Begin MonoManager ReloadAssembly
Native extension for WindowsStandalone target not found
Native extension for WebGL target not found
Refreshing native plugins compatible for Editor in 0.48 ms, found 2 plugins.
Preloading 0 native plugins for Editor in 0.00 ms.
Mono: successfully reloaded assembly
- Completed reload, in  1.388 seconds
Domain Reload Profiling:
	ReloadAssembly (1389ms)
		BeginReloadAssembly (149ms)
			ExecutionOrderSort (0ms)
			DisableScriptedObjects (7ms)
			BackupInstance (0ms)
			ReleaseScriptingObjects (0ms)
			CreateAndSetChildDomain (41ms)
		EndReloadAssembly (1156ms)
			LoadAssemblies (121ms)
			RebuildTransferFunctionScriptingTraits (0ms)
			SetupTypeCache (429ms)
			ReleaseScriptCaches (1ms)
			RebuildScriptCaches (58ms)
			SetupLoadedEditorAssemblies (396ms)
				LogAssemblyErrors (0ms)
				InitializePlatformSupportModulesInManaged (7ms)
				SetLoadedEditorAssemblies (1ms)
				RefreshPlugins (1ms)
				BeforeProcessingInitializeOnLoad (95ms)
				ProcessInitializeOnLoadAttributes (275ms)
				ProcessInitializeOnLoadMethodAttributes (13ms)
				AfterProcessingInitializeOnLoad (4ms)
				EditorAssembliesLoaded (0ms)
			ExecutionOrderSort2 (0ms)
			AwakeInstancesAfterBackupRestoration (9ms)
Platform modules already initialized, skipping
Refreshing native plugins compatible for Editor in 0.48 ms, found 2 plugins.
Preloading 0 native plugins for Editor in 0.00 ms.
Unloading 1519 Unused Serialized files (Serialized files now loaded: 0)
System memory in use before: 73.6 MB.
System memory in use after: 73.7 MB.

Unloading 14 unused Assets to reduce memory usage. Loaded Objects now: 2028.
Total: 3.685300 ms (FindLiveObjects: 0.164200 ms CreateObjectMapping: 0.076700 ms MarkObjects: 3.424500 ms  DeleteObjects: 0.018600 ms)

AssetImportParameters requested are different than current active one (requested -> active):
  custom:framework-win-MediaFoundation: 216162199b28c13a410421893ffa2e32 -> 
  custom:video-decoder-ogg-theora: a1e56fd34408186e4bbccfd4996cb3dc -> 
  custom:container-muxer-webm: aa71ff27fc2769a1b78a27578f13a17b -> 
  custom:container-demuxer-webm: 4f35f7cbe854078d1ac9338744f61a02 -> 
  custom:container-demuxer-ogg: 62fdf1f143b41e24485cea50d1cbac27 -> 
  custom:video-encoder-webm-vp8: eb34c28f22e8b96e1ab97ce403110664 -> 
  custom:video-decoder-webm-vp8: 9c59270c3fd7afecdb556c50c9e8de78 -> 
  custom:audio-decoder-ogg-vorbis: bf7c407c2cedff20999df2af8eb42d56 -> 
  custom:audio-encoder-webm-vorbis: bf7c407c2cedff20999df2af8eb42d56 -> 
========================================================================
Received Prepare
Registering precompiled user dll's ...
Registered in 0.005883 seconds.
Begin MonoManager ReloadAssembly
Native extension for WindowsStandalone target not found
Native extension for WebGL target not found
Refreshing native plugins compatible for Editor in 0.49 ms, found 2 plugins.
Preloading 0 native plugins for Editor in 0.00 ms.
Mono: successfully reloaded assembly
- Completed reload, in  1.439 seconds
Domain Reload Profiling:
	ReloadAssembly (1439ms)
		BeginReloadAssembly (143ms)
			ExecutionOrderSort (0ms)
			DisableScriptedObjects (7ms)
			BackupInstance (0ms)
			ReleaseScriptingObjects (0ms)
			CreateAndSetChildDomain (38ms)
		EndReloadAssembly (1211ms)
			LoadAssemblies (114ms)
			RebuildTransferFunctionScriptingTraits (0ms)
			SetupTypeCache (439ms)
			ReleaseScriptCaches (1ms)
			RebuildScriptCaches (60ms)
			SetupLoadedEditorAssemblies (439ms)
				LogAssemblyErrors (0ms)
				InitializePlatformSupportModulesInManaged (7ms)
				SetLoadedEditorAssemblies (1ms)
				RefreshPlugins (1ms)
				BeforeProcessingInitializeOnLoad (106ms)
				ProcessInitializeOnLoadAttributes (309ms)
				ProcessInitializeOnLoadMethodAttributes (11ms)
				AfterProcessingInitializeOnLoad (3ms)
				EditorAssembliesLoaded (0ms)
			ExecutionOrderSort2 (0ms)
			AwakeInstancesAfterBackupRestoration (10ms)
Platform modules already initialized, skipping
Refreshing native plugins compatible for Editor in 0.47 ms, found 2 plugins.
Preloading 0 native plugins for Editor in 0.00 ms.
Unloading 1519 Unused Serialized files (Serialized files now loaded: 0)
System memory in use before: 73.6 MB.
System memory in use after: 73.7 MB.

Unloading 14 unused Assets to reduce memory usage. Loaded Objects now: 2030.
Total: 4.234900 ms (FindLiveObjects: 0.457100 ms CreateObjectMapping: 0.135600 ms MarkObjects: 3.616400 ms  DeleteObjects: 0.023900 ms)

AssetImportParameters requested are different than current active one (requested -> active):
  custom:framework-win-MediaFoundation: 216162199b28c13a410421893ffa2e32 -> 
  custom:video-decoder-ogg-theora: a1e56fd34408186e4bbccfd4996cb3dc -> 
  custom:container-muxer-webm: aa71ff27fc2769a1b78a27578f13a17b -> 
  custom:container-demuxer-webm: 4f35f7cbe854078d1ac9338744f61a02 -> 
  custom:container-demuxer-ogg: 62fdf1f143b41e24485cea50d1cbac27 -> 
  custom:video-encoder-webm-vp8: eb34c28f22e8b96e1ab97ce403110664 -> 
  custom:video-decoder-webm-vp8: 9c59270c3fd7afecdb556c50c9e8de78 -> 
  custom:audio-decoder-ogg-vorbis: bf7c407c2cedff20999df2af8eb42d56 -> 
  custom:audio-encoder-webm-vorbis: bf7c407c2cedff20999df2af8eb42d56 -> 
========================================================================
Received Prepare
Registering precompiled user dll's ...
Registered in 0.003822 seconds.
Begin MonoManager ReloadAssembly
Native extension for WindowsStandalone target not found
Native extension for WebGL target not found
Refreshing native plugins compatible for Editor in 0.46 ms, found 2 plugins.
Preloading 0 native plugins for Editor in 0.00 ms.
Mono: successfully reloaded assembly
- Completed reload, in  1.468 seconds
Domain Reload Profiling:
	ReloadAssembly (1469ms)
		BeginReloadAssembly (143ms)
			ExecutionOrderSort (0ms)
			DisableScriptedObjects (6ms)
			BackupInstance (0ms)
			ReleaseScriptingObjects (0ms)
			CreateAndSetChildDomain (40ms)
		EndReloadAssembly (1213ms)
			LoadAssemblies (126ms)
			RebuildTransferFunctionScriptingTraits (0ms)
			SetupTypeCache (465ms)
			ReleaseScriptCaches (1ms)
			RebuildScriptCaches (52ms)
			SetupLoadedEditorAssemblies (417ms)
				LogAssemblyErrors (0ms)
				InitializePlatformSupportModulesInManaged (7ms)
				SetLoadedEditorAssemblies (1ms)
				RefreshPlugins (1ms)
				BeforeProcessingInitializeOnLoad (95ms)
				ProcessInitializeOnLoadAttributes (298ms)
				ProcessInitializeOnLoadMethodAttributes (12ms)
				AfterProcessingInitializeOnLoad (4ms)
				EditorAssembliesLoaded (0ms)
			ExecutionOrderSort2 (0ms)
			AwakeInstancesAfterBackupRestoration (9ms)
Platform modules already initialized, skipping
Refreshing native plugins compatible for Editor in 0.46 ms, found 2 plugins.
Preloading 0 native plugins for Editor in 0.00 ms.
Unloading 1519 Unused Serialized files (Serialized files now loaded: 0)
System memory in use before: 73.6 MB.
System memory in use after: 73.7 MB.

Unloading 14 unused Assets to reduce memory usage. Loaded Objects now: 2032.
Total: 4.063900 ms (FindLiveObjects: 0.202000 ms CreateObjectMapping: 0.076100 ms MarkObjects: 3.760000 ms  DeleteObjects: 0.024100 ms)

AssetImportParameters requested are different than current active one (requested -> active):
  custom:framework-win-MediaFoundation: 216162199b28c13a410421893ffa2e32 -> 
  custom:video-decoder-ogg-theora: a1e56fd34408186e4bbccfd4996cb3dc -> 
  custom:container-muxer-webm: aa71ff27fc2769a1b78a27578f13a17b -> 
  custom:container-demuxer-webm: 4f35f7cbe854078d1ac9338744f61a02 -> 
  custom:container-demuxer-ogg: 62fdf1f143b41e24485cea50d1cbac27 -> 
  custom:video-encoder-webm-vp8: eb34c28f22e8b96e1ab97ce403110664 -> 
  custom:video-decoder-webm-vp8: 9c59270c3fd7afecdb556c50c9e8de78 -> 
  custom:audio-decoder-ogg-vorbis: bf7c407c2cedff20999df2af8eb42d56 -> 
  custom:audio-encoder-webm-vorbis: bf7c407c2cedff20999df2af8eb42d56 -> 
========================================================================
Received Prepare
Registering precompiled user dll's ...
Registered in 0.003871 seconds.
Begin MonoManager ReloadAssembly
Native extension for WindowsStandalone target not found
Native extension for WebGL target not found
Refreshing native plugins compatible for Editor in 0.53 ms, found 2 plugins.
Preloading 0 native plugins for Editor in 0.00 ms.
Mono: successfully reloaded assembly
- Completed reload, in  1.355 seconds
Domain Reload Profiling:
	ReloadAssembly (1355ms)
		BeginReloadAssembly (138ms)
			ExecutionOrderSort (0ms)
			DisableScriptedObjects (7ms)
			BackupInstance (0ms)
			ReleaseScriptingObjects (0ms)
			CreateAndSetChildDomain (41ms)
		EndReloadAssembly (1132ms)
			LoadAssemblies (117ms)
			RebuildTransferFunctionScriptingTraits (0ms)
			SetupTypeCache (433ms)
			ReleaseScriptCaches (1ms)
			RebuildScriptCaches (54ms)
			SetupLoadedEditorAssemblies (394ms)
				LogAssemblyErrors (0ms)
				InitializePlatformSupportModulesInManaged (7ms)
				SetLoadedEditorAssemblies (1ms)
				RefreshPlugins (1ms)
				BeforeProcessingInitializeOnLoad (110ms)
				ProcessInitializeOnLoadAttributes (261ms)
				ProcessInitializeOnLoadMethodAttributes (11ms)
				AfterProcessingInitializeOnLoad (3ms)
				EditorAssembliesLoaded (0ms)
			ExecutionOrderSort2 (0ms)
			AwakeInstancesAfterBackupRestoration (9ms)
Platform modules already initialized, skipping
Refreshing native plugins compatible for Editor in 0.50 ms, found 2 plugins.
Preloading 0 native plugins for Editor in 0.00 ms.
Unloading 1519 Unused Serialized files (Serialized files now loaded: 0)
System memory in use before: 73.6 MB.
System memory in use after: 73.7 MB.

Unloading 14 unused Assets to reduce memory usage. Loaded Objects now: 2034.
Total: 3.834200 ms (FindLiveObjects: 0.212100 ms CreateObjectMapping: 0.078200 ms MarkObjects: 3.519800 ms  DeleteObjects: 0.022600 ms)

AssetImportParameters requested are different than current active one (requested -> active):
  custom:framework-win-MediaFoundation: 216162199b28c13a410421893ffa2e32 -> 
  custom:video-decoder-ogg-theora: a1e56fd34408186e4bbccfd4996cb3dc -> 
  custom:container-muxer-webm: aa71ff27fc2769a1b78a27578f13a17b -> 
  custom:container-demuxer-webm: 4f35f7cbe854078d1ac9338744f61a02 -> 
  custom:container-demuxer-ogg: 62fdf1f143b41e24485cea50d1cbac27 -> 
  custom:video-encoder-webm-vp8: eb34c28f22e8b96e1ab97ce403110664 -> 
  custom:video-decoder-webm-vp8: 9c59270c3fd7afecdb556c50c9e8de78 -> 
  custom:audio-decoder-ogg-vorbis: bf7c407c2cedff20999df2af8eb42d56 -> 
  custom:audio-encoder-webm-vorbis: bf7c407c2cedff20999df2af8eb42d56 -> 
========================================================================
Received Prepare
Registering precompiled user dll's ...
Registered in 0.003874 seconds.
Begin MonoManager ReloadAssembly
Native extension for WindowsStandalone target not found
Native extension for WebGL target not found
Refreshing native plugins compatible for Editor in 0.50 ms, found 2 plugins.
Preloading 0 native plugins for Editor in 0.00 ms.
Mono: successfully reloaded assembly
- Completed reload, in  1.398 seconds
Domain Reload Profiling:
	ReloadAssembly (1398ms)
		BeginReloadAssembly (139ms)
			ExecutionOrderSort (0ms)
			DisableScriptedObjects (7ms)
			BackupInstance (0ms)
			ReleaseScriptingObjects (0ms)
			CreateAndSetChildDomain (38ms)
		EndReloadAssembly (1179ms)
			LoadAssemblies (120ms)
			RebuildTransferFunctionScriptingTraits (0ms)
			SetupTypeCache (433ms)
			ReleaseScriptCaches (1ms)
			RebuildScriptCaches (57ms)
			SetupLoadedEditorAssemblies (409ms)
				LogAssemblyErrors (0ms)
				InitializePlatformSupportModulesInManaged (10ms)
				SetLoadedEditorAssemblies (1ms)
				RefreshPlugins (1ms)
				BeforeProcessingInitializeOnLoad (95ms)
				ProcessInitializeOnLoadAttributes (286ms)
				ProcessInitializeOnLoadMethodAttributes (13ms)
				AfterProcessingInitializeOnLoad (3ms)
				EditorAssembliesLoaded (0ms)
			ExecutionOrderSort2 (0ms)
			AwakeInstancesAfterBackupRestoration (9ms)
Platform modules already initialized, skipping
Refreshing native plugins compatible for Editor in 0.49 ms, found 2 plugins.
Preloading 0 native plugins for Editor in 0.00 ms.
Unloading 1519 Unused Serialized files (Serialized files now loaded: 0)
System memory in use before: 73.6 MB.
System memory in use after: 73.7 MB.

Unloading 14 unused Assets to reduce memory usage. Loaded Objects now: 2036.
Total: 3.395600 ms (FindLiveObjects: 0.163700 ms CreateObjectMapping: 0.076700 ms MarkObjects: 3.134400 ms  DeleteObjects: 0.019300 ms)

AssetImportParameters requested are different than current active one (requested -> active):
  custom:framework-win-MediaFoundation: 216162199b28c13a410421893ffa2e32 -> 
  custom:video-decoder-ogg-theora: a1e56fd34408186e4bbccfd4996cb3dc -> 
  custom:container-muxer-webm: aa71ff27fc2769a1b78a27578f13a17b -> 
  custom:container-demuxer-webm: 4f35f7cbe854078d1ac9338744f61a02 -> 
  custom:container-demuxer-ogg: 62fdf1f143b41e24485cea50d1cbac27 -> 
  custom:video-encoder-webm-vp8: eb34c28f22e8b96e1ab97ce403110664 -> 
  custom:video-decoder-webm-vp8: 9c59270c3fd7afecdb556c50c9e8de78 -> 
  custom:audio-decoder-ogg-vorbis: bf7c407c2cedff20999df2af8eb42d56 -> 
  custom:audio-encoder-webm-vorbis: bf7c407c2cedff20999df2af8eb42d56 -> 
========================================================================
Received Import Request.
  Time since last request: 44.929076 seconds.
  path: Assets/Scripts/Child/Cup.cs
  artifactKey: Guid(52ebe24d480b6c1458115b01da6ef225) Importer(815301076,1909f56bfc062723c751e8b465ee728b)
Start importing Assets/Scripts/Child/Cup.cs using Guid(52ebe24d480b6c1458115b01da6ef225) Importer(815301076,1909f56bfc062723c751e8b465ee728b)  -> (artifact id: 'a4eb44a6b7aa6d4901dff6adf6ffa229') in 0.005902 seconds 
  Import took 0.010468 seconds .

========================================================================
Received Prepare
Registering precompiled user dll's ...
Registered in 0.004014 seconds.
Begin MonoManager ReloadAssembly
Native extension for WindowsStandalone target not found
Native extension for WebGL target not found
Refreshing native plugins compatible for Editor in 0.47 ms, found 2 plugins.
Preloading 0 native plugins for Editor in 0.00 ms.
Mono: successfully reloaded assembly
- Completed reload, in  1.346 seconds
Domain Reload Profiling:
	ReloadAssembly (1347ms)
		BeginReloadAssembly (139ms)
			ExecutionOrderSort (0ms)
			DisableScriptedObjects (6ms)
			BackupInstance (0ms)
			ReleaseScriptingObjects (0ms)
			CreateAndSetChildDomain (39ms)
		EndReloadAssembly (1127ms)
			LoadAssemblies (109ms)
			RebuildTransferFunctionScriptingTraits (0ms)
			SetupTypeCache (423ms)
			ReleaseScriptCaches (1ms)
			RebuildScriptCaches (60ms)
			SetupLoadedEditorAssemblies (395ms)
				LogAssemblyErrors (0ms)
				InitializePlatformSupportModulesInManaged (7ms)
				SetLoadedEditorAssemblies (1ms)
				RefreshPlugins (1ms)
				BeforeProcessingInitializeOnLoad (94ms)
				ProcessInitializeOnLoadAttributes (271ms)
				ProcessInitializeOnLoadMethodAttributes (16ms)
				AfterProcessingInitializeOnLoad (5ms)
				EditorAssembliesLoaded (1ms)
			ExecutionOrderSort2 (0ms)
			AwakeInstancesAfterBackupRestoration (11ms)
Platform modules already initialized, skipping
Refreshing native plugins compatible for Editor in 0.47 ms, found 2 plugins.
Preloading 0 native plugins for Editor in 0.00 ms.
Unloading 1519 Unused Serialized files (Serialized files now loaded: 0)
System memory in use before: 73.6 MB.
System memory in use after: 73.7 MB.

Unloading 14 unused Assets to reduce memory usage. Loaded Objects now: 2038.
Total: 3.549100 ms (FindLiveObjects: 0.205500 ms CreateObjectMapping: 0.079200 ms MarkObjects: 3.241800 ms  DeleteObjects: 0.021000 ms)

AssetImportParameters requested are different than current active one (requested -> active):
  custom:framework-win-MediaFoundation: 216162199b28c13a410421893ffa2e32 -> 
  custom:video-decoder-ogg-theora: a1e56fd34408186e4bbccfd4996cb3dc -> 
  custom:container-muxer-webm: aa71ff27fc2769a1b78a27578f13a17b -> 
  custom:container-demuxer-webm: 4f35f7cbe854078d1ac9338744f61a02 -> 
  custom:container-demuxer-ogg: 62fdf1f143b41e24485cea50d1cbac27 -> 
  custom:video-encoder-webm-vp8: eb34c28f22e8b96e1ab97ce403110664 -> 
  custom:video-decoder-webm-vp8: 9c59270c3fd7afecdb556c50c9e8de78 -> 
  custom:audio-decoder-ogg-vorbis: bf7c407c2cedff20999df2af8eb42d56 -> 
  custom:audio-encoder-webm-vorbis: bf7c407c2cedff20999df2af8eb42d56 -> 
========================================================================
Received Import Request.
  Time since last request: 26.414618 seconds.
  path: Assets/Prefabs/Cup.prefab
  artifactKey: Guid(72f67a6297bd6b941bb140e29bde029e) Importer(815301076,1909f56bfc062723c751e8b465ee728b)
Start importing Assets/Prefabs/Cup.prefab using Guid(72f67a6297bd6b941bb140e29bde029e) Importer(815301076,1909f56bfc062723c751e8b465ee728b)  -> (artifact id: 'd20718aedda5f525a73abdaf5d13c9bd') in 0.104011 seconds 
  Import took 0.107620 seconds .

========================================================================
Received Import Request.
  Time since last request: 3.384765 seconds.
  path: Assets/Prefabs/Cup.prefab
  artifactKey: Guid(72f67a6297bd6b941bb140e29bde029e) Importer(815301076,1909f56bfc062723c751e8b465ee728b)
Start importing Assets/Prefabs/Cup.prefab using Guid(72f67a6297bd6b941bb140e29bde029e) Importer(815301076,1909f56bfc062723c751e8b465ee728b)  -> (artifact id: '6a7cbe0465574a03b6bb866706ceaf78') in 0.016843 seconds 
  Import took 0.021431 seconds .

========================================================================
Received Import Request.
  Time since last request: 12.731680 seconds.
  path: Assets/Prefabs/Cup.prefab
  artifactKey: Guid(72f67a6297bd6b941bb140e29bde029e) Importer(815301076,1909f56bfc062723c751e8b465ee728b)
Start importing Assets/Prefabs/Cup.prefab using Guid(72f67a6297bd6b941bb140e29bde029e) Importer(815301076,1909f56bfc062723c751e8b465ee728b)  -> (artifact id: '9a02d9622706104f239eeb0150254c6d') in 0.016195 seconds 
  Import took 0.019998 seconds .

========================================================================
Received Import Request.
  Time since last request: 9.561349 seconds.
  path: Assets/Prefabs/Cupcake.prefab
  artifactKey: Guid(57771c1a71ccbf441aceeb101039963e) Importer(815301076,1909f56bfc062723c751e8b465ee728b)
Start importing Assets/Prefabs/Cupcake.prefab using Guid(57771c1a71ccbf441aceeb101039963e) Importer(815301076,1909f56bfc062723c751e8b465ee728b)  -> (artifact id: '8419313be8e171adf3f75bd435f6b2aa') in 0.018375 seconds 
  Import took 0.023348 seconds .

========================================================================
Received Import Request.
  Time since last request: 0.010794 seconds.
  path: Assets/Prefabs/Diamond.prefab
  artifactKey: Guid(dad1b8be1b1ea8d4db4b96fa7230afc6) Importer(815301076,1909f56bfc062723c751e8b465ee728b)
Start importing Assets/Prefabs/Diamond.prefab using Guid(dad1b8be1b1ea8d4db4b96fa7230afc6) Importer(815301076,1909f56bfc062723c751e8b465ee728b)  -> (artifact id: 'fe3d4a11013f2b597b52acd3a8360427') in 0.018720 seconds 
  Import took 0.022978 seconds .

========================================================================
Received Import Request.
  Time since last request: 0.000324 seconds.
  path: Assets/Prefabs/IceCream.prefab
  artifactKey: Guid(984723705cc97d84bb6619cb769204d2) Importer(815301076,1909f56bfc062723c751e8b465ee728b)
Start importing Assets/Prefabs/IceCream.prefab using Guid(984723705cc97d84bb6619cb769204d2) Importer(815301076,1909f56bfc062723c751e8b465ee728b)  -> (artifact id: '4400fa78af85c34c00e35120718d9299') in 0.018956 seconds 
  Import took 0.023046 seconds .

========================================================================
Received Import Request.
  Time since last request: 0.000259 seconds.
  path: Assets/Prefabs/Donut.prefab
  artifactKey: Guid(09fcc8e8c0a0e60428d126f777172f1e) Importer(815301076,1909f56bfc062723c751e8b465ee728b)
Start importing Assets/Prefabs/Donut.prefab using Guid(09fcc8e8c0a0e60428d126f777172f1e) Importer(815301076,1909f56bfc062723c751e8b465ee728b)  -> (artifact id: 'dccd940836f8d5521d7f00e178475e12') in 0.018205 seconds 
  Import took 0.021756 seconds .

========================================================================
Received Import Request.
  Time since last request: 6.029569 seconds.
  path: Assets/Prefabs/Cupcake.prefab
  artifactKey: Guid(57771c1a71ccbf441aceeb101039963e) Importer(815301076,1909f56bfc062723c751e8b465ee728b)
Start importing Assets/Prefabs/Cupcake.prefab using Guid(57771c1a71ccbf441aceeb101039963e) Importer(815301076,1909f56bfc062723c751e8b465ee728b)  -> (artifact id: 'c1bc3c3dd0882eb3c970f87fa8ac7677') in 0.017343 seconds 
  Import took 0.021628 seconds .

========================================================================
Received Import Request.
  Time since last request: 3.250858 seconds.
  path: Assets/Prefabs/Diamond.prefab
  artifactKey: Guid(dad1b8be1b1ea8d4db4b96fa7230afc6) Importer(815301076,1909f56bfc062723c751e8b465ee728b)
Start importing Assets/Prefabs/Diamond.prefab using Guid(dad1b8be1b1ea8d4db4b96fa7230afc6) Importer(815301076,1909f56bfc062723c751e8b465ee728b)  -> (artifact id: 'ad155aff077af5c5bcff858947ec76ee') in 0.017916 seconds 
  Import took 0.021965 seconds .

========================================================================
Received Import Request.
  Time since last request: 2.824683 seconds.
  path: Assets/Prefabs/Donut.prefab
  artifactKey: Guid(09fcc8e8c0a0e60428d126f777172f1e) Importer(815301076,1909f56bfc062723c751e8b465ee728b)
Start importing Assets/Prefabs/Donut.prefab using Guid(09fcc8e8c0a0e60428d126f777172f1e) Importer(815301076,1909f56bfc062723c751e8b465ee728b)  -> (artifact id: '2aa14d799287d020b13e4ac9e3816e8b') in 0.015440 seconds 
  Import took 0.018953 seconds .

========================================================================
Received Import Request.
  Time since last request: 3.172944 seconds.
  path: Assets/Prefabs/IceCream.prefab
  artifactKey: Guid(984723705cc97d84bb6619cb769204d2) Importer(815301076,1909f56bfc062723c751e8b465ee728b)
Start importing Assets/Prefabs/IceCream.prefab using Guid(984723705cc97d84bb6619cb769204d2) Importer(815301076,1909f56bfc062723c751e8b465ee728b)  -> (artifact id: '585cc42be7bf32884477cbb728b25104') in 0.018390 seconds 
  Import took 0.022159 seconds .

========================================================================
Received Import Request.
  Time since last request: 6.980334 seconds.
  path: Assets/Prefabs/Cupcake.prefab
  artifactKey: Guid(57771c1a71ccbf441aceeb101039963e) Importer(815301076,1909f56bfc062723c751e8b465ee728b)
Start importing Assets/Prefabs/Cupcake.prefab using Guid(57771c1a71ccbf441aceeb101039963e) Importer(815301076,1909f56bfc062723c751e8b465ee728b)  -> (artifact id: '5c0da630646aad035a117ee2dd13aa5e') in 0.022200 seconds 
  Import took 0.026693 seconds .

========================================================================
Received Import Request.
  Time since last request: 3.554524 seconds.
  path: Assets/Prefabs/Diamond.prefab
  artifactKey: Guid(dad1b8be1b1ea8d4db4b96fa7230afc6) Importer(815301076,1909f56bfc062723c751e8b465ee728b)
Start importing Assets/Prefabs/Diamond.prefab using Guid(dad1b8be1b1ea8d4db4b96fa7230afc6) Importer(815301076,1909f56bfc062723c751e8b465ee728b)  -> (artifact id: 'f1350478353a676ac633f134431bbdf9') in 0.018807 seconds 
  Import took 0.022825 seconds .

========================================================================
Received Import Request.
  Time since last request: 2.738110 seconds.
  path: Assets/Prefabs/Donut.prefab
  artifactKey: Guid(09fcc8e8c0a0e60428d126f777172f1e) Importer(815301076,1909f56bfc062723c751e8b465ee728b)
Start importing Assets/Prefabs/Donut.prefab using Guid(09fcc8e8c0a0e60428d126f777172f1e) Importer(815301076,1909f56bfc062723c751e8b465ee728b)  -> (artifact id: '05be0fd626834b6347b20bf1caa184bd') in 0.016013 seconds 
  Import took 0.020460 seconds .

========================================================================
Received Import Request.
  Time since last request: 8.403515 seconds.
  path: Assets/Prefabs/IceCream.prefab
  artifactKey: Guid(984723705cc97d84bb6619cb769204d2) Importer(815301076,1909f56bfc062723c751e8b465ee728b)
Start importing Assets/Prefabs/IceCream.prefab using Guid(984723705cc97d84bb6619cb769204d2) Importer(815301076,1909f56bfc062723c751e8b465ee728b)  -> (artifact id: '4360a69b3f57498873c3696476bb2b2d') in 0.018411 seconds 
  Import took 0.022141 seconds .

========================================================================
Received Import Request.
  Time since last request: 4.010664 seconds.
  path: Assets/Prefabs/IceCream.prefab
  artifactKey: Guid(984723705cc97d84bb6619cb769204d2) Importer(815301076,1909f56bfc062723c751e8b465ee728b)
Start importing Assets/Prefabs/IceCream.prefab using Guid(984723705cc97d84bb6619cb769204d2) Importer(815301076,1909f56bfc062723c751e8b465ee728b)  -> (artifact id: 'e1d242632ea75d8d7704b2cf615d7587') in 0.019752 seconds 
  Import took 0.023522 seconds .

========================================================================
Received Import Request.
  Time since last request: 5.555671 seconds.
  path: Assets/Prefabs/Donut.prefab
  artifactKey: Guid(09fcc8e8c0a0e60428d126f777172f1e) Importer(815301076,1909f56bfc062723c751e8b465ee728b)
Start importing Assets/Prefabs/Donut.prefab using Guid(09fcc8e8c0a0e60428d126f777172f1e) Importer(815301076,1909f56bfc062723c751e8b465ee728b)  -> (artifact id: 'e1befce3be0b15f754249fa981e3207d') in 0.015594 seconds 
  Import took 0.019474 seconds .

========================================================================
Received Import Request.
  Time since last request: 4.975783 seconds.
  path: Assets/Prefabs/Diamond.prefab
  artifactKey: Guid(dad1b8be1b1ea8d4db4b96fa7230afc6) Importer(815301076,1909f56bfc062723c751e8b465ee728b)
Start importing Assets/Prefabs/Diamond.prefab using Guid(dad1b8be1b1ea8d4db4b96fa7230afc6) Importer(815301076,1909f56bfc062723c751e8b465ee728b)  -> (artifact id: '7af42cca873917709ef018fa4cc078d6') in 0.019305 seconds 
  Import took 0.023242 seconds .

========================================================================
Received Import Request.
  Time since last request: 4.706385 seconds.
  path: Assets/Prefabs/Cupcake.prefab
  artifactKey: Guid(57771c1a71ccbf441aceeb101039963e) Importer(815301076,1909f56bfc062723c751e8b465ee728b)
Start importing Assets/Prefabs/Cupcake.prefab using Guid(57771c1a71ccbf441aceeb101039963e) Importer(815301076,1909f56bfc062723c751e8b465ee728b)  -> (artifact id: '1adcca27ec1333eb6e40a7bd8c032f75') in 0.016571 seconds 
  Import took 0.020062 seconds .

========================================================================
Received Prepare
Registering precompiled user dll's ...
Registered in 0.004028 seconds.
Begin MonoManager ReloadAssembly
Native extension for WindowsStandalone target not found
Native extension for WebGL target not found
Refreshing native plugins compatible for Editor in 0.47 ms, found 2 plugins.
Preloading 0 native plugins for Editor in 0.00 ms.
Mono: successfully reloaded assembly
- Completed reload, in  1.285 seconds
Domain Reload Profiling:
	ReloadAssembly (1286ms)
		BeginReloadAssembly (136ms)
			ExecutionOrderSort (0ms)
			DisableScriptedObjects (8ms)
			BackupInstance (0ms)
			ReleaseScriptingObjects (0ms)
			CreateAndSetChildDomain (42ms)
		EndReloadAssembly (1070ms)
			LoadAssemblies (115ms)
			RebuildTransferFunctionScriptingTraits (0ms)
			SetupTypeCache (389ms)
			ReleaseScriptCaches (1ms)
			RebuildScriptCaches (50ms)
			SetupLoadedEditorAssemblies (380ms)
				LogAssemblyErrors (0ms)
				InitializePlatformSupportModulesInManaged (7ms)
				SetLoadedEditorAssemblies (1ms)
				RefreshPlugins (1ms)
				BeforeProcessingInitializeOnLoad (95ms)
				ProcessInitializeOnLoadAttributes (262ms)
				ProcessInitializeOnLoadMethodAttributes (11ms)
				AfterProcessingInitializeOnLoad (3ms)
				EditorAssembliesLoaded (0ms)
			ExecutionOrderSort2 (0ms)
			AwakeInstancesAfterBackupRestoration (9ms)
Platform modules already initialized, skipping
Refreshing native plugins compatible for Editor in 0.47 ms, found 2 plugins.
Preloading 0 native plugins for Editor in 0.00 ms.
Unloading 1519 Unused Serialized files (Serialized files now loaded: 0)
System memory in use before: 73.7 MB.
System memory in use after: 73.8 MB.

Unloading 14 unused Assets to reduce memory usage. Loaded Objects now: 2041.
Total: 3.492100 ms (FindLiveObjects: 0.164200 ms CreateObjectMapping: 0.074700 ms MarkObjects: 3.232000 ms  DeleteObjects: 0.019800 ms)

AssetImportParameters requested are different than current active one (requested -> active):
  custom:framework-win-MediaFoundation: 216162199b28c13a410421893ffa2e32 -> 
  custom:video-decoder-ogg-theora: a1e56fd34408186e4bbccfd4996cb3dc -> 
  custom:container-muxer-webm: aa71ff27fc2769a1b78a27578f13a17b -> 
  custom:container-demuxer-webm: 4f35f7cbe854078d1ac9338744f61a02 -> 
  custom:container-demuxer-ogg: 62fdf1f143b41e24485cea50d1cbac27 -> 
  custom:video-encoder-webm-vp8: eb34c28f22e8b96e1ab97ce403110664 -> 
  custom:video-decoder-webm-vp8: 9c59270c3fd7afecdb556c50c9e8de78 -> 
  custom:audio-decoder-ogg-vorbis: bf7c407c2cedff20999df2af8eb42d56 -> 
  custom:audio-encoder-webm-vorbis: bf7c407c2cedff20999df2af8eb42d56 -> 
AssetImportWorkerClient::OnTransportError - code=2 error=End of file
