Using pre-set license
Built from '2020.3/staging' branch; Version is '2020.3.26f1 (7298b473bc1a) revision 7510196'; Using compiler version '192528614'; Build Type 'Release'
OS: 'Windows 10  (10.0.19044) 64bit Core' Language: 'en' Physical Memory: 16296 MB
BatchMode: 1, IsHumanControllingUs: 0, StartBugReporterOnCrash: 0, Is64bit: 1, IsPro: 0

COMMAND LINE ARGUMENTS:
D:\Program Files\Unity\2020.3.26f1\Editor\Unity.exe
-adb2
-batchMode
-noUpm
-name
AssetImportWorker0
-projectPath
D:/Projects/Unity Projects/PowDemo
-logFile
Logs/AssetImportWorker0.log
-srvPort
49364
Successfully changed project path to: D:/Projects/Unity Projects/PowDemo
D:/Projects/Unity Projects/PowDemo
Using Asset Import Pipeline V2.
Refreshing native plugins compatible for Editor in 48.41 ms, found 2 plugins.
Preloading 0 native plugins for Editor in 0.00 ms.
Initialize engine version: 2020.3.26f1 (7298b473bc1a)
[Subsystems] Discovering subsystems at path D:/Program Files/Unity/2020.3.26f1/Editor/Data/Resources/UnitySubsystems
[Subsystems] Discovering subsystems at path D:/Projects/Unity Projects/PowDemo/Assets
GfxDevice: creating device client; threaded=0
Direct3D:
    Version:  Direct3D 11.0 [level 11.0]
    Renderer: NVIDIA GeForce GTX 960M (ID=0x139b)
    Vendor:   
    VRAM:     4055 MB
    Driver:   30.0.15.1259
Initialize mono
Mono path[0] = 'D:/Program Files/Unity/2020.3.26f1/Editor/Data/Managed'
Mono path[1] = 'D:/Program Files/Unity/2020.3.26f1/Editor/Data/MonoBleedingEdge/lib/mono/unityjit'
Mono config path = 'D:/Program Files/Unity/2020.3.26f1/Editor/Data/MonoBleedingEdge/etc'
Using monoOptions --debugger-agent=transport=dt_socket,embedding=1,server=y,suspend=n,address=127.0.0.1:56080
Begin MonoManager ReloadAssembly
Registering precompiled unity dll's ...
Register platform support module: D:/Program Files/Unity/2020.3.26f1/Editor/Data/PlaybackEngines/WebGLSupport/UnityEditor.WebGL.Extensions.dll
Register platform support module: D:/Program Files/Unity/2020.3.26f1/Editor/Data/PlaybackEngines/WindowsStandaloneSupport/UnityEditor.WindowsStandalone.Extensions.dll
Registered in 0.001768 seconds.
Native extension for WindowsStandalone target not found
Native extension for WebGL target not found
Refreshing native plugins compatible for Editor in 46.24 ms, found 2 plugins.
Preloading 0 native plugins for Editor in 0.00 ms.
Mono: successfully reloaded assembly
- Completed reload, in  0.848 seconds
Domain Reload Profiling:
	ReloadAssembly (848ms)
		BeginReloadAssembly (72ms)
			ExecutionOrderSort (0ms)
			DisableScriptedObjects (0ms)
			BackupInstance (0ms)
			ReleaseScriptingObjects (0ms)
			CreateAndSetChildDomain (1ms)
		EndReloadAssembly (675ms)
			LoadAssemblies (71ms)
			RebuildTransferFunctionScriptingTraits (0ms)
			SetupTypeCache (228ms)
			ReleaseScriptCaches (0ms)
			RebuildScriptCaches (61ms)
			SetupLoadedEditorAssemblies (239ms)
				LogAssemblyErrors (0ms)
				InitializePlatformSupportModulesInManaged (8ms)
				SetLoadedEditorAssemblies (0ms)
				RefreshPlugins (46ms)
				BeforeProcessingInitializeOnLoad (24ms)
				ProcessInitializeOnLoadAttributes (118ms)
				ProcessInitializeOnLoadMethodAttributes (42ms)
				AfterProcessingInitializeOnLoad (0ms)
				EditorAssembliesLoaded (0ms)
			ExecutionOrderSort2 (0ms)
			AwakeInstancesAfterBackupRestoration (0ms)
Platform modules already initialized, skipping
Registering precompiled user dll's ...
Registered in 0.004490 seconds.
Begin MonoManager ReloadAssembly
Native extension for WindowsStandalone target not found
Native extension for WebGL target not found
Refreshing native plugins compatible for Editor in 0.52 ms, found 2 plugins.
Preloading 0 native plugins for Editor in 0.00 ms.
Mono: successfully reloaded assembly
- Completed reload, in  1.520 seconds
Domain Reload Profiling:
	ReloadAssembly (1521ms)
		BeginReloadAssembly (222ms)
			ExecutionOrderSort (0ms)
			DisableScriptedObjects (7ms)
			BackupInstance (0ms)
			ReleaseScriptingObjects (0ms)
			CreateAndSetChildDomain (44ms)
		EndReloadAssembly (1214ms)
			LoadAssemblies (119ms)
			RebuildTransferFunctionScriptingTraits (0ms)
			SetupTypeCache (412ms)
			ReleaseScriptCaches (1ms)
			RebuildScriptCaches (94ms)
			SetupLoadedEditorAssemblies (460ms)
				LogAssemblyErrors (0ms)
				InitializePlatformSupportModulesInManaged (27ms)
				SetLoadedEditorAssemblies (1ms)
				RefreshPlugins (1ms)
				BeforeProcessingInitializeOnLoad (117ms)
				ProcessInitializeOnLoadAttributes (298ms)
				ProcessInitializeOnLoadMethodAttributes (12ms)
				AfterProcessingInitializeOnLoad (3ms)
				EditorAssembliesLoaded (0ms)
			ExecutionOrderSort2 (0ms)
			AwakeInstancesAfterBackupRestoration (9ms)
Platform modules already initialized, skipping
========================================================================
Worker process is ready to serve import requests
Launched and connected shader compiler UnityShaderCompiler.exe after 0.06 seconds
Refreshing native plugins compatible for Editor in 0.51 ms, found 2 plugins.
Preloading 0 native plugins for Editor in 0.00 ms.
Unloading 1544 Unused Serialized files (Serialized files now loaded: 0)
System memory in use before: 71.5 MB.
System memory in use after: 71.5 MB.

Unloading 19 unused Assets to reduce memory usage. Loaded Objects now: 1977.
Total: 4.221700 ms (FindLiveObjects: 0.375500 ms CreateObjectMapping: 0.243500 ms MarkObjects: 3.518900 ms  DeleteObjects: 0.082300 ms)

AssetImportParameters requested are different than current active one (requested -> active):
  custom:framework-win-MediaFoundation: 216162199b28c13a410421893ffa2e32 -> 
  custom:video-decoder-ogg-theora: a1e56fd34408186e4bbccfd4996cb3dc -> 
  custom:container-muxer-webm: aa71ff27fc2769a1b78a27578f13a17b -> 
  custom:container-demuxer-webm: 4f35f7cbe854078d1ac9338744f61a02 -> 
  custom:container-demuxer-ogg: 62fdf1f143b41e24485cea50d1cbac27 -> 
  custom:video-encoder-webm-vp8: eb34c28f22e8b96e1ab97ce403110664 -> 
  custom:video-decoder-webm-vp8: 9c59270c3fd7afecdb556c50c9e8de78 -> 
  custom:audio-decoder-ogg-vorbis: bf7c407c2cedff20999df2af8eb42d56 -> 
  custom:audio-encoder-webm-vorbis: bf7c407c2cedff20999df2af8eb42d56 -> 
========================================================================
Received Import Request.
  path: Assets/PowGamesCase_AlperenOnal/Assets/UI/Sprites/bg.png
  artifactKey: Guid(487e66a51248e0d47b99deed1377c9bf) Importer(815301076,1909f56bfc062723c751e8b465ee728b)
Start importing Assets/PowGamesCase_AlperenOnal/Assets/UI/Sprites/bg.png using Guid(487e66a51248e0d47b99deed1377c9bf) Importer(815301076,1909f56bfc062723c751e8b465ee728b)  -> (artifact id: 'e5e09ead9719b61e68145e6f62c9364b') in 0.136679 seconds 
  Import took 0.140062 seconds .

========================================================================
Received Import Request.
  Time since last request: 0.000242 seconds.
  path: Assets/PowGamesCase_AlperenOnal/Assets/UI/Sprites/back_booster.png
  artifactKey: Guid(896f87ff25c1e9d4c9afd893fe75f9d3) Importer(815301076,1909f56bfc062723c751e8b465ee728b)
Start importing Assets/PowGamesCase_AlperenOnal/Assets/UI/Sprites/back_booster.png using Guid(896f87ff25c1e9d4c9afd893fe75f9d3) Importer(815301076,1909f56bfc062723c751e8b465ee728b)  -> (artifact id: '3f821e77006788b1a8c4d9f65a6087ed') in 0.019616 seconds 
  Import took 0.023019 seconds .

========================================================================
Received Import Request.
  Time since last request: 0.000260 seconds.
  path: Assets/PowGamesCase_AlperenOnal/Assets/UI/Sprites/back_booster_grey.png
  artifactKey: Guid(044fc3f65990ece49b21d0a9524dd8f4) Importer(815301076,1909f56bfc062723c751e8b465ee728b)
Start importing Assets/PowGamesCase_AlperenOnal/Assets/UI/Sprites/back_booster_grey.png using Guid(044fc3f65990ece49b21d0a9524dd8f4) Importer(815301076,1909f56bfc062723c751e8b465ee728b)  -> (artifact id: 'bbef750b126436c7fef4ce65ac2b69c2') in 0.016548 seconds 
  Import took 0.020446 seconds .

========================================================================
Received Import Request.
  Time since last request: 0.000259 seconds.
  path: Assets/PowGamesCase_AlperenOnal/Assets/CubeAsset/Texture/Bottle.png
  artifactKey: Guid(e485afbef9012b347993cfa38420239a) Importer(815301076,1909f56bfc062723c751e8b465ee728b)
Start importing Assets/PowGamesCase_AlperenOnal/Assets/CubeAsset/Texture/Bottle.png using Guid(e485afbef9012b347993cfa38420239a) Importer(815301076,1909f56bfc062723c751e8b465ee728b)  -> (artifact id: '1bc269853205c26b38f68cb5d4bfad46') in 0.010406 seconds 
  Import took 0.014112 seconds .

========================================================================
Received Import Request.
  Time since last request: 0.000299 seconds.
  path: Assets/UI Text/Bell 1.png
  artifactKey: Guid(44988ec9a556d0a4db6c0a08c7305833) Importer(815301076,1909f56bfc062723c751e8b465ee728b)
Start importing Assets/UI Text/Bell 1.png using Guid(44988ec9a556d0a4db6c0a08c7305833) Importer(815301076,1909f56bfc062723c751e8b465ee728b)  -> (artifact id: '0df1d2c4883dcaa56b6c13b34b428044') in 0.014491 seconds 
  Import took 0.018198 seconds .

========================================================================
Received Import Request.
  Time since last request: 0.000252 seconds.
  path: Assets/PowGamesCase_AlperenOnal/Assets/CubeAsset/Texture/BlueBerry.png
  artifactKey: Guid(d479985f02307ad438d2ce32fe9d6ad1) Importer(815301076,1909f56bfc062723c751e8b465ee728b)
Start importing Assets/PowGamesCase_AlperenOnal/Assets/CubeAsset/Texture/BlueBerry.png using Guid(d479985f02307ad438d2ce32fe9d6ad1) Importer(815301076,1909f56bfc062723c751e8b465ee728b)  -> (artifact id: 'e29198f10ed85af3cb30b82b9605068c') in 0.008908 seconds 
  Import took 0.012403 seconds .

========================================================================
Received Import Request.
  Time since last request: 0.000253 seconds.
  path: Assets/PowGamesCase_AlperenOnal/Assets/CubeAsset/Texture/Book.png
  artifactKey: Guid(5d07519b420809b418fa5ea87071b657) Importer(815301076,1909f56bfc062723c751e8b465ee728b)
Start importing Assets/PowGamesCase_AlperenOnal/Assets/CubeAsset/Texture/Book.png using Guid(5d07519b420809b418fa5ea87071b657) Importer(815301076,1909f56bfc062723c751e8b465ee728b)  -> (artifact id: 'e9404cfad528762cf78e2605b11027c1') in 0.009744 seconds 
  Import took 0.015538 seconds .

========================================================================
Received Import Request.
  Time since last request: 0.000250 seconds.
  path: Assets/PowGamesCase_AlperenOnal/Assets/UI/Sprites/boost-bg.png
  artifactKey: Guid(2a24375257a21a5499aaf8c3a6c35352) Importer(815301076,1909f56bfc062723c751e8b465ee728b)
Start importing Assets/PowGamesCase_AlperenOnal/Assets/UI/Sprites/boost-bg.png using Guid(2a24375257a21a5499aaf8c3a6c35352) Importer(815301076,1909f56bfc062723c751e8b465ee728b)  -> (artifact id: '01cd7573d8b5ecf613778c82b4811f92') in 0.012409 seconds 
  Import took 0.015995 seconds .

========================================================================
Received Import Request.
  Time since last request: 0.000240 seconds.
  path: Assets/UI Text/Bottle 1.png
  artifactKey: Guid(96b825840ce21034587d0fcaafb30cb6) Importer(815301076,1909f56bfc062723c751e8b465ee728b)
Start importing Assets/UI Text/Bottle 1.png using Guid(96b825840ce21034587d0fcaafb30cb6) Importer(815301076,1909f56bfc062723c751e8b465ee728b)  -> (artifact id: '489eb54f68acbc54bd2b25828edb870c') in 0.013148 seconds 
  Import took 0.016619 seconds .

========================================================================
Received Import Request.
  Time since last request: 0.000274 seconds.
  path: Assets/PowGamesCase_AlperenOnal/Assets/CubeAsset/Texture/Bell.png
  artifactKey: Guid(dd9fd2dcc1ce9d64a9a4027b43e84a80) Importer(815301076,1909f56bfc062723c751e8b465ee728b)
Start importing Assets/PowGamesCase_AlperenOnal/Assets/CubeAsset/Texture/Bell.png using Guid(dd9fd2dcc1ce9d64a9a4027b43e84a80) Importer(815301076,1909f56bfc062723c751e8b465ee728b)  -> (artifact id: '1b6b140b02b7aca52ced50c92c4b469b') in 0.008720 seconds 
  Import took 0.012418 seconds .

========================================================================
Received Import Request.
  Time since last request: 0.000222 seconds.
  path: Assets/UI Text/Book 1.png
  artifactKey: Guid(137211ea0d3167b41a5739f7fac41b4d) Importer(815301076,1909f56bfc062723c751e8b465ee728b)
Start importing Assets/UI Text/Book 1.png using Guid(137211ea0d3167b41a5739f7fac41b4d) Importer(815301076,1909f56bfc062723c751e8b465ee728b)  -> (artifact id: '10c6abf4288f52ce20990281dde09fb7') in 0.013046 seconds 
  Import took 0.016625 seconds .

========================================================================
Received Import Request.
  Time since last request: 0.000318 seconds.
  path: Assets/PowGamesCase_AlperenOnal/Assets/CubeAsset/Texture/Avacado.png
  artifactKey: Guid(26b9a7ba626877847b51a601a5896952) Importer(815301076,1909f56bfc062723c751e8b465ee728b)
Start importing Assets/PowGamesCase_AlperenOnal/Assets/CubeAsset/Texture/Avacado.png using Guid(26b9a7ba626877847b51a601a5896952) Importer(815301076,1909f56bfc062723c751e8b465ee728b)  -> (artifact id: 'd946eb6e1893f9fb5ad99e908b662edf') in 0.008736 seconds 
  Import took 0.012663 seconds .

========================================================================
Received Import Request.
  Time since last request: 0.000250 seconds.
  path: Assets/UI Text/Avacado 1.png
  artifactKey: Guid(01a97c5ce74ef404b903c9d47e8c60e4) Importer(815301076,1909f56bfc062723c751e8b465ee728b)
Start importing Assets/UI Text/Avacado 1.png using Guid(01a97c5ce74ef404b903c9d47e8c60e4) Importer(815301076,1909f56bfc062723c751e8b465ee728b)  -> (artifact id: '8e38c5e05fc5020fe840ed8151403047') in 0.015987 seconds 
  Import took 0.020084 seconds .

========================================================================
Received Import Request.
  Time since last request: 0.000294 seconds.
  path: Assets/PowGamesCase_AlperenOnal/Assets/UI/Sprites/bg-button.png
  artifactKey: Guid(f5374f1882611ba4bbbeff3fb4a38dee) Importer(815301076,1909f56bfc062723c751e8b465ee728b)
Start importing Assets/PowGamesCase_AlperenOnal/Assets/UI/Sprites/bg-button.png using Guid(f5374f1882611ba4bbbeff3fb4a38dee) Importer(815301076,1909f56bfc062723c751e8b465ee728b)  -> (artifact id: 'deb904917860536a6600e6511aeb9038') in 0.013109 seconds 
  Import took 0.016947 seconds .

========================================================================
Received Import Request.
  Time since last request: 0.000238 seconds.
  path: Assets/UI Text/BlueBerry 1.png
  artifactKey: Guid(780bd8ce7bcae7d48ba98409df328fac) Importer(815301076,1909f56bfc062723c751e8b465ee728b)
Start importing Assets/UI Text/BlueBerry 1.png using Guid(780bd8ce7bcae7d48ba98409df328fac) Importer(815301076,1909f56bfc062723c751e8b465ee728b)  -> (artifact id: 'c5e43f9fe184cdc67aea5b0f24027f5a') in 0.013673 seconds 
  Import took 0.017112 seconds .

========================================================================
Received Import Request.
  Time since last request: 3.885244 seconds.
  path: Assets/PowGamesCase_AlperenOnal/Assets/CubeAsset/Texture/Branch.png
  artifactKey: Guid(b665391a45e19414ba1df1c9b20ba955) Importer(815301076,1909f56bfc062723c751e8b465ee728b)
Start importing Assets/PowGamesCase_AlperenOnal/Assets/CubeAsset/Texture/Branch.png using Guid(b665391a45e19414ba1df1c9b20ba955) Importer(815301076,1909f56bfc062723c751e8b465ee728b)  -> (artifact id: '584ff6bfee8df03bb91fcf513fa4cc6f') in 0.008262 seconds 
  Import took 0.011861 seconds .

========================================================================
Received Import Request.
  Time since last request: 0.000262 seconds.
  path: Assets/UI Text/Branch 1.png
  artifactKey: Guid(db27b8c85af90704a975ebba6929d407) Importer(815301076,1909f56bfc062723c751e8b465ee728b)
Start importing Assets/UI Text/Branch 1.png using Guid(db27b8c85af90704a975ebba6929d407) Importer(815301076,1909f56bfc062723c751e8b465ee728b)  -> (artifact id: '644140ec1c81b363b3cb5d72c43b9303') in 0.014525 seconds 
  Import took 0.017883 seconds .

========================================================================
Received Import Request.
  Time since last request: 0.216562 seconds.
  path: Assets/PowGamesCase_AlperenOnal/Assets/UI/Sprites/button-ads.png
  artifactKey: Guid(31c7752c1f9d6d440996b0e975b2cca6) Importer(815301076,1909f56bfc062723c751e8b465ee728b)
Start importing Assets/PowGamesCase_AlperenOnal/Assets/UI/Sprites/button-ads.png using Guid(31c7752c1f9d6d440996b0e975b2cca6) Importer(815301076,1909f56bfc062723c751e8b465ee728b)  -> (artifact id: '3f128c1490c8c469e89bdbc1273e75ad') in 0.016453 seconds 
  Import took 0.020028 seconds .

========================================================================
Received Import Request.
  Time since last request: 0.000255 seconds.
  path: Assets/PowGamesCase_AlperenOnal/Assets/UI/Sprites/button-blue.png
  artifactKey: Guid(aef4653f4ab55dd4583b9e409c645fee) Importer(815301076,1909f56bfc062723c751e8b465ee728b)
Start importing Assets/PowGamesCase_AlperenOnal/Assets/UI/Sprites/button-blue.png using Guid(aef4653f4ab55dd4583b9e409c645fee) Importer(815301076,1909f56bfc062723c751e8b465ee728b)  -> (artifact id: 'de464c00bd595aa63e3728f03a1feabb') in 0.013465 seconds 
  Import took 0.017100 seconds .

========================================================================
Received Import Request.
  Time since last request: 0.000260 seconds.
  path: Assets/PowGamesCase_AlperenOnal/Assets/UI/Sprites/button-get-free.png
  artifactKey: Guid(dd4e54c821c59c54e94ea5469e11024b) Importer(815301076,1909f56bfc062723c751e8b465ee728b)
Start importing Assets/PowGamesCase_AlperenOnal/Assets/UI/Sprites/button-get-free.png using Guid(dd4e54c821c59c54e94ea5469e11024b) Importer(815301076,1909f56bfc062723c751e8b465ee728b)  -> (artifact id: 'a8900f8502fa27a0c9c62235fe08aa11') in 0.016068 seconds 
  Import took 0.019829 seconds .

========================================================================
Received Import Request.
  Time since last request: 1.124346 seconds.
  path: Assets/PowGamesCase_AlperenOnal/Assets/UI/Sprites/button-green.png
  artifactKey: Guid(de12d4ccbc6568a4cae9e2fefcc9116e) Importer(815301076,1909f56bfc062723c751e8b465ee728b)
Start importing Assets/PowGamesCase_AlperenOnal/Assets/UI/Sprites/button-green.png using Guid(de12d4ccbc6568a4cae9e2fefcc9116e) Importer(815301076,1909f56bfc062723c751e8b465ee728b)  -> (artifact id: 'eb170a654fa02bd7f73501c20481a11d') in 0.017167 seconds 
  Import took 0.024079 seconds .

========================================================================
Received Import Request.
  Time since last request: 0.000255 seconds.
  path: Assets/PowGamesCase_AlperenOnal/Assets/UI/Sprites/button-multiplayer-cost.png
  artifactKey: Guid(5c0d0b4d0d58d214a9e60cc961a24313) Importer(815301076,1909f56bfc062723c751e8b465ee728b)
Start importing Assets/PowGamesCase_AlperenOnal/Assets/UI/Sprites/button-multiplayer-cost.png using Guid(5c0d0b4d0d58d214a9e60cc961a24313) Importer(815301076,1909f56bfc062723c751e8b465ee728b)  -> (artifact id: 'c854bf3ed88fac2a76cdd2c58ed65731') in 0.012923 seconds 
  Import took 0.016701 seconds .

========================================================================
Received Import Request.
  Time since last request: 0.000264 seconds.
  path: Assets/PowGamesCase_AlperenOnal/Assets/UI/Sprites/button-purple.png
  artifactKey: Guid(2fd91faeb40bf584893c4dd3712daa6b) Importer(815301076,1909f56bfc062723c751e8b465ee728b)
Start importing Assets/PowGamesCase_AlperenOnal/Assets/UI/Sprites/button-purple.png using Guid(2fd91faeb40bf584893c4dd3712daa6b) Importer(815301076,1909f56bfc062723c751e8b465ee728b)  -> (artifact id: '8663d7847eec5972db34d4938d4a6aaf') in 0.013441 seconds 
  Import took 0.016840 seconds .

========================================================================
Received Import Request.
  Time since last request: 0.006207 seconds.
  path: Assets/PowGamesCase_AlperenOnal/Assets/UI/Sprites/button-red.png
  artifactKey: Guid(2ab7acb655baf5c4c981e5a5f9e9924c) Importer(815301076,1909f56bfc062723c751e8b465ee728b)
Start importing Assets/PowGamesCase_AlperenOnal/Assets/UI/Sprites/button-red.png using Guid(2ab7acb655baf5c4c981e5a5f9e9924c) Importer(815301076,1909f56bfc062723c751e8b465ee728b)  -> (artifact id: 'bbfc94996da58a31a1a19c7660b7c319') in 0.012636 seconds 
  Import took 0.016323 seconds .

========================================================================
Received Import Request.
  Time since last request: 0.000265 seconds.
  path: Assets/PowGamesCase_AlperenOnal/Assets/UI/Sprites/button-yellow.png
  artifactKey: Guid(2606c21222936194d80a61e9be9b1064) Importer(815301076,1909f56bfc062723c751e8b465ee728b)
Start importing Assets/PowGamesCase_AlperenOnal/Assets/UI/Sprites/button-yellow.png using Guid(2606c21222936194d80a61e9be9b1064) Importer(815301076,1909f56bfc062723c751e8b465ee728b)  -> (artifact id: 'd3d047f6157f8fa4ca83149fef4f0728') in 0.013104 seconds 
  Import took 0.018635 seconds .

========================================================================
Received Import Request.
  Time since last request: 0.000252 seconds.
  path: Assets/PowGamesCase_AlperenOnal/Assets/UI/Sprites/button-yellow - Orange.png
  artifactKey: Guid(ded708738bf761448a89c5530e636cb1) Importer(815301076,1909f56bfc062723c751e8b465ee728b)
Start importing Assets/PowGamesCase_AlperenOnal/Assets/UI/Sprites/button-yellow - Orange.png using Guid(ded708738bf761448a89c5530e636cb1) Importer(815301076,1909f56bfc062723c751e8b465ee728b)  -> (artifact id: '8733078513e3f96ae60b8a9c63dba257') in 0.013891 seconds 
  Import took 0.017348 seconds .

========================================================================
Received Import Request.
  Time since last request: 0.435086 seconds.
  path: Assets/PowGamesCase_AlperenOnal/Assets/CubeAsset/Texture/Cake.png
  artifactKey: Guid(b209a3dd6010ba24fa51b0508fd8dc65) Importer(815301076,1909f56bfc062723c751e8b465ee728b)
Start importing Assets/PowGamesCase_AlperenOnal/Assets/CubeAsset/Texture/Cake.png using Guid(b209a3dd6010ba24fa51b0508fd8dc65) Importer(815301076,1909f56bfc062723c751e8b465ee728b)  -> (artifact id: '47e8c3e3ae4d09ef41709a166cf821f2') in 0.010424 seconds 
  Import took 0.014811 seconds .

========================================================================
Received Import Request.
  Time since last request: 0.000303 seconds.
  path: Assets/UI Text/Cake 1.png
  artifactKey: Guid(d5c20164862d83541a24d212ca4df440) Importer(815301076,1909f56bfc062723c751e8b465ee728b)
Start importing Assets/UI Text/Cake 1.png using Guid(d5c20164862d83541a24d212ca4df440) Importer(815301076,1909f56bfc062723c751e8b465ee728b)  -> (artifact id: 'f695b01e77e94a75d351452ecc02f99d') in 0.013840 seconds 
  Import took 0.017466 seconds .

========================================================================
Received Import Request.
  Time since last request: 0.000253 seconds.
  path: Assets/PowGamesCase_AlperenOnal/Assets/UI/Sprites/card-bg.png
  artifactKey: Guid(1cd2640bdec9519488d94e1dffe5308e) Importer(815301076,1909f56bfc062723c751e8b465ee728b)
Start importing Assets/PowGamesCase_AlperenOnal/Assets/UI/Sprites/card-bg.png using Guid(1cd2640bdec9519488d94e1dffe5308e) Importer(815301076,1909f56bfc062723c751e8b465ee728b)  -> (artifact id: '97cf8c0551532b8b4f19043e82407c4e') in 0.013127 seconds 
  Import took 0.016530 seconds .

========================================================================
Received Import Request.
  Time since last request: 0.192103 seconds.
  path: Assets/PowGamesCase_AlperenOnal/Assets/CubeAsset/Texture/Carrot.png
  artifactKey: Guid(44dcbbb1226f86847bbdf552ed354bb6) Importer(815301076,1909f56bfc062723c751e8b465ee728b)
Start importing Assets/PowGamesCase_AlperenOnal/Assets/CubeAsset/Texture/Carrot.png using Guid(44dcbbb1226f86847bbdf552ed354bb6) Importer(815301076,1909f56bfc062723c751e8b465ee728b)  -> (artifact id: '068df86fd17c28965aa741e367cc78cb') in 0.008433 seconds 
  Import took 0.011870 seconds .

========================================================================
Received Import Request.
  Time since last request: 0.000248 seconds.
  path: Assets/UI Text/Carrot 1.png
  artifactKey: Guid(3b76072d030826e468ecbb676a4631e4) Importer(815301076,1909f56bfc062723c751e8b465ee728b)
Start importing Assets/UI Text/Carrot 1.png using Guid(3b76072d030826e468ecbb676a4631e4) Importer(815301076,1909f56bfc062723c751e8b465ee728b)  -> (artifact id: '9ccbe040bcf9d0752e86aa780a8c7be5') in 0.014694 seconds 
  Import took 0.017897 seconds .

========================================================================
Received Import Request.
  Time since last request: 0.000289 seconds.
  path: Assets/PowGamesCase_AlperenOnal/Assets/CubeAsset/Particle/CFX4_T_SmokePuff AB.png
  artifactKey: Guid(c6706155351f6f64cb72882fdc1ca251) Importer(815301076,1909f56bfc062723c751e8b465ee728b)
Start importing Assets/PowGamesCase_AlperenOnal/Assets/CubeAsset/Particle/CFX4_T_SmokePuff AB.png using Guid(c6706155351f6f64cb72882fdc1ca251) Importer(815301076,1909f56bfc062723c751e8b465ee728b)  -> (artifact id: 'ebfc3ffb7476491c526d0f94e93e258a') in 0.008941 seconds 
  Import took 0.015612 seconds .

========================================================================
Received Import Request.
  Time since last request: 0.475251 seconds.
  path: Assets/PowGamesCase_AlperenOnal/Assets/CubeAsset/Texture/Cherry.png
  artifactKey: Guid(7124df4dff23dab4980988d8be5dcde7) Importer(815301076,1909f56bfc062723c751e8b465ee728b)
Start importing Assets/PowGamesCase_AlperenOnal/Assets/CubeAsset/Texture/Cherry.png using Guid(7124df4dff23dab4980988d8be5dcde7) Importer(815301076,1909f56bfc062723c751e8b465ee728b)  -> (artifact id: '8464f39d272e37641336498511f847ca') in 0.019960 seconds 
  Import took 0.027542 seconds .

========================================================================
Received Import Request.
  Time since last request: 0.000480 seconds.
  path: Assets/PowGamesCase_AlperenOnal/Assets/UI/Sprites/close.png
  artifactKey: Guid(a636a3a07918be2439c150e5ebe1469a) Importer(815301076,1909f56bfc062723c751e8b465ee728b)
Start importing Assets/PowGamesCase_AlperenOnal/Assets/UI/Sprites/close.png using Guid(a636a3a07918be2439c150e5ebe1469a) Importer(815301076,1909f56bfc062723c751e8b465ee728b)  -> (artifact id: 'f4b39777c0a7411e26cd377c46bd1b0a') in 0.018072 seconds 
  Import took 0.023047 seconds .

========================================================================
Received Import Request.
  Time since last request: 0.000240 seconds.
  path: Assets/UI Text/Cherry 1.png
  artifactKey: Guid(a78f071ab1699e640b1dfac56df9d735) Importer(815301076,1909f56bfc062723c751e8b465ee728b)
Start importing Assets/UI Text/Cherry 1.png using Guid(a78f071ab1699e640b1dfac56df9d735) Importer(815301076,1909f56bfc062723c751e8b465ee728b)  -> (artifact id: '39304b9eb7ab8b8e9cb2da9d652ce216') in 0.013616 seconds 
  Import took 0.016875 seconds .

========================================================================
Received Import Request.
  Time since last request: 0.337200 seconds.
  path: Assets/PowGamesCase_AlperenOnal/Assets/UI/Sprites/clue_booster.png
  artifactKey: Guid(89796299cc9d7a4429e84a913b72c08b) Importer(815301076,1909f56bfc062723c751e8b465ee728b)
Start importing Assets/PowGamesCase_AlperenOnal/Assets/UI/Sprites/clue_booster.png using Guid(89796299cc9d7a4429e84a913b72c08b) Importer(815301076,1909f56bfc062723c751e8b465ee728b)  -> (artifact id: '6006c4d5ffe1c1bba59c3c8af47663a7') in 0.029538 seconds 
  Import took 0.035977 seconds .

========================================================================
Received Import Request.
  Time since last request: 0.000303 seconds.
  path: Assets/PowGamesCase_AlperenOnal/Assets/UI/Sprites/clue_booster_grey.png
  artifactKey: Guid(d6822a72013f4e541ac5e860d0966927) Importer(815301076,1909f56bfc062723c751e8b465ee728b)
Start importing Assets/PowGamesCase_AlperenOnal/Assets/UI/Sprites/clue_booster_grey.png using Guid(d6822a72013f4e541ac5e860d0966927) Importer(815301076,1909f56bfc062723c751e8b465ee728b)  -> (artifact id: '3d121526dddbb605f172cb6356293e79') in 0.019399 seconds 
  Import took 0.022706 seconds .

========================================================================
Received Import Request.
  Time since last request: 0.000272 seconds.
  path: Assets/PowGamesCase_AlperenOnal/Assets/UI/Sprites/combo_bar_back.png
  artifactKey: Guid(f9536b9b1c01d1d4cad94029b47d3f88) Importer(815301076,1909f56bfc062723c751e8b465ee728b)
Start importing Assets/PowGamesCase_AlperenOnal/Assets/UI/Sprites/combo_bar_back.png using Guid(f9536b9b1c01d1d4cad94029b47d3f88) Importer(815301076,1909f56bfc062723c751e8b465ee728b)  -> (artifact id: 'eb1c8466b264d11f22af7890de4be25e') in 0.011775 seconds 
  Import took 0.015207 seconds .

========================================================================
Received Import Request.
  Time since last request: 0.302762 seconds.
  path: Assets/PowGamesCase_AlperenOnal/Assets/UI/Sprites/combo_bar_front.png
  artifactKey: Guid(38f68e99c11192d46947487f9915697a) Importer(815301076,1909f56bfc062723c751e8b465ee728b)
Start importing Assets/PowGamesCase_AlperenOnal/Assets/UI/Sprites/combo_bar_front.png using Guid(38f68e99c11192d46947487f9915697a) Importer(815301076,1909f56bfc062723c751e8b465ee728b)  -> (artifact id: 'a005587fcd9b32921df3eac2d3ad9dcd') in 0.013822 seconds 
  Import took 0.017646 seconds .

========================================================================
Received Import Request.
  Time since last request: 0.000267 seconds.
  path: Assets/PowGamesCase_AlperenOnal/Assets/CubeAsset/Texture/Cup.png
  artifactKey: Guid(62c24b0889cca5942babe168e5edd4e9) Importer(815301076,1909f56bfc062723c751e8b465ee728b)
Start importing Assets/PowGamesCase_AlperenOnal/Assets/CubeAsset/Texture/Cup.png using Guid(62c24b0889cca5942babe168e5edd4e9) Importer(815301076,1909f56bfc062723c751e8b465ee728b)  -> (artifact id: '21b1778f4d1dc81e4701213935f9769c') in 0.007973 seconds 
  Import took 0.011519 seconds .

========================================================================
Received Import Request.
  Time since last request: 0.000275 seconds.
  path: Assets/UI Text/Cup 1.png
  artifactKey: Guid(32c0740f573437741b3e1271f4e6b76d) Importer(815301076,1909f56bfc062723c751e8b465ee728b)
Start importing Assets/UI Text/Cup 1.png using Guid(32c0740f573437741b3e1271f4e6b76d) Importer(815301076,1909f56bfc062723c751e8b465ee728b)  -> (artifact id: 'db80fc4e562e1046e38da3afdb7694c7') in 0.013609 seconds 
  Import took 0.017347 seconds .

========================================================================
Received Import Request.
  Time since last request: 0.089599 seconds.
  path: Assets/PowGamesCase_AlperenOnal/Assets/CubeAsset/Texture/Cupcake.png
  artifactKey: Guid(da5e29af19c4825499f2b48f27fec86c) Importer(815301076,1909f56bfc062723c751e8b465ee728b)
Start importing Assets/PowGamesCase_AlperenOnal/Assets/CubeAsset/Texture/Cupcake.png using Guid(da5e29af19c4825499f2b48f27fec86c) Importer(815301076,1909f56bfc062723c751e8b465ee728b)  -> (artifact id: 'a946073a182d41f216b741b7b32bd3d2') in 0.009197 seconds 
  Import took 0.012634 seconds .

========================================================================
Received Import Request.
  Time since last request: 0.000256 seconds.
  path: Assets/PowGamesCase_AlperenOnal/Assets/CubeAsset/Texture/Diamond.png
  artifactKey: Guid(37df4265643871546ab6794fd65470e2) Importer(815301076,1909f56bfc062723c751e8b465ee728b)
Start importing Assets/PowGamesCase_AlperenOnal/Assets/CubeAsset/Texture/Diamond.png using Guid(37df4265643871546ab6794fd65470e2) Importer(815301076,1909f56bfc062723c751e8b465ee728b)  -> (artifact id: 'dd282ff9d227c17568684c00ce1b2519') in 0.008059 seconds 
  Import took 0.011145 seconds .

========================================================================
Received Import Request.
  Time since last request: 0.000254 seconds.
  path: Assets/UI Text/Cupcake 1.png
  artifactKey: Guid(38cab528a98086e4eb835160c9faeb28) Importer(815301076,1909f56bfc062723c751e8b465ee728b)
Start importing Assets/UI Text/Cupcake 1.png using Guid(38cab528a98086e4eb835160c9faeb28) Importer(815301076,1909f56bfc062723c751e8b465ee728b)  -> (artifact id: 'f7c85d8641dd17265184c009ad55ca6f') in 0.014112 seconds 
  Import took 0.017458 seconds .

========================================================================
Received Import Request.
  Time since last request: 0.358933 seconds.
  path: Assets/UI Text/Diamond 1.png
  artifactKey: Guid(aecce1843dbd16049a4969ded643de69) Importer(815301076,1909f56bfc062723c751e8b465ee728b)
Start importing Assets/UI Text/Diamond 1.png using Guid(aecce1843dbd16049a4969ded643de69) Importer(815301076,1909f56bfc062723c751e8b465ee728b)  -> (artifact id: '9a91c1fbbf8f2ac778f078d9262e6df8') in 0.014499 seconds 
  Import took 0.018240 seconds .

========================================================================
Received Import Request.
  Time since last request: 0.000259 seconds.
  path: Assets/UI Text/Donut 1.png
  artifactKey: Guid(de3197516b1c2a44f84d0588c97e7634) Importer(815301076,1909f56bfc062723c751e8b465ee728b)
Start importing Assets/UI Text/Donut 1.png using Guid(de3197516b1c2a44f84d0588c97e7634) Importer(815301076,1909f56bfc062723c751e8b465ee728b)  -> (artifact id: '479e147ec5d990a856578f8b106e5a56') in 0.014424 seconds 
  Import took 0.017710 seconds .

========================================================================
Received Import Request.
  Time since last request: 0.000266 seconds.
  path: Assets/PowGamesCase_AlperenOnal/Assets/CubeAsset/Texture/Donut.png
  artifactKey: Guid(511287a462758f445ab5378b22e1228c) Importer(815301076,1909f56bfc062723c751e8b465ee728b)
Start importing Assets/PowGamesCase_AlperenOnal/Assets/CubeAsset/Texture/Donut.png using Guid(511287a462758f445ab5378b22e1228c) Importer(815301076,1909f56bfc062723c751e8b465ee728b)  -> (artifact id: 'da2a53bbb564e476374659df3c453b3c') in 0.008604 seconds 
  Import took 0.012376 seconds .

========================================================================
Received Import Request.
  Time since last request: 0.289761 seconds.
  path: Assets/TextMesh Pro/Sprites/EmojiOne.png
  artifactKey: Guid(dffef66376be4fa480fb02b19edbe903) Importer(815301076,1909f56bfc062723c751e8b465ee728b)
Start importing Assets/TextMesh Pro/Sprites/EmojiOne.png using Guid(dffef66376be4fa480fb02b19edbe903) Importer(815301076,1909f56bfc062723c751e8b465ee728b)  -> (artifact id: '1bdbab79574d9199534a6046307e1746') in 0.015185 seconds 
  Import took 0.019234 seconds .

========================================================================
Received Import Request.
  Time since last request: 0.000255 seconds.
  path: Assets/Fonts/Roboto-Medium.ttf
  artifactKey: Guid(3d8d73bf99876b34088e026f7f6280cb) Importer(815301076,1909f56bfc062723c751e8b465ee728b)
Start importing Assets/Fonts/Roboto-Medium.ttf using Guid(3d8d73bf99876b34088e026f7f6280cb) Importer(815301076,1909f56bfc062723c751e8b465ee728b)  -> (artifact id: '0364aed6366736cd4ace7dde00587501') in 0.077434 seconds 
  Import took 0.081287 seconds .

========================================================================
Received Import Request.
  Time since last request: 0.173213 seconds.
  path: Assets/PowGamesCase_AlperenOnal/Assets/UI/Sprites/gold_single.png
  artifactKey: Guid(12b71829fcca42a49b22c7986cb36450) Importer(815301076,1909f56bfc062723c751e8b465ee728b)
Start importing Assets/PowGamesCase_AlperenOnal/Assets/UI/Sprites/gold_single.png using Guid(12b71829fcca42a49b22c7986cb36450) Importer(815301076,1909f56bfc062723c751e8b465ee728b)  -> (artifact id: 'c1b9c2603e6f46070ce4edfe5ca99bd9') in 0.014707 seconds 
  Import took 0.019287 seconds .

========================================================================
Received Import Request.
  Time since last request: 0.000311 seconds.
  path: Assets/PowGamesCase_AlperenOnal/Assets/CubeAsset/Texture/IceCream.png
  artifactKey: Guid(bba1907e848815c4bb261883edccdf34) Importer(815301076,1909f56bfc062723c751e8b465ee728b)
Start importing Assets/PowGamesCase_AlperenOnal/Assets/CubeAsset/Texture/IceCream.png using Guid(bba1907e848815c4bb261883edccdf34) Importer(815301076,1909f56bfc062723c751e8b465ee728b)  -> (artifact id: '846cf17dfa14a13f8fb503d779750773') in 0.009241 seconds 
  Import took 0.013154 seconds .

========================================================================
Received Import Request.
  Time since last request: 0.133849 seconds.
  path: Assets/UI Text/IceCream 1.png
  artifactKey: Guid(bbcc9abbdecfd7e4bbe4c8fb20668565) Importer(815301076,1909f56bfc062723c751e8b465ee728b)
Start importing Assets/UI Text/IceCream 1.png using Guid(bbcc9abbdecfd7e4bbe4c8fb20668565) Importer(815301076,1909f56bfc062723c751e8b465ee728b)  -> (artifact id: 'bd749afb126567128d549f270ce6bbb3') in 0.012569 seconds 
  Import took 0.016254 seconds .

========================================================================
Received Import Request.
  Time since last request: 0.000289 seconds.
  path: Assets/TextMesh Pro/Resources/Fonts & Materials/LiberationSans SDF - Fallback.asset
  artifactKey: Guid(2e498d1c8094910479dc3e1b768306a4) Importer(815301076,1909f56bfc062723c751e8b465ee728b)
Start importing Assets/TextMesh Pro/Resources/Fonts & Materials/LiberationSans SDF - Fallback.asset using Guid(2e498d1c8094910479dc3e1b768306a4) Importer(815301076,1909f56bfc062723c751e8b465ee728b)  -> (artifact id: '824048c16fe023a8029ad6b289255227') in 0.043474 seconds 
  Import took 0.047525 seconds .

========================================================================
Received Import Request.
  Time since last request: 0.076158 seconds.
  path: Assets/PowGamesCase_AlperenOnal/Assets/UI/Sprites/locked.png
  artifactKey: Guid(479a6ea945ec4ab4286d59d3d91ec45d) Importer(815301076,1909f56bfc062723c751e8b465ee728b)
Start importing Assets/PowGamesCase_AlperenOnal/Assets/UI/Sprites/locked.png using Guid(479a6ea945ec4ab4286d59d3d91ec45d) Importer(815301076,1909f56bfc062723c751e8b465ee728b)  -> (artifact id: 'd99fb7c5dbaba1bb22c39ffde782e059') in 0.016362 seconds 
  Import took 0.019955 seconds .

========================================================================
Received Import Request.
  Time since last request: 0.000253 seconds.
  path: Assets/Scenes/MenuScene/ReflectionProbe-0.exr
  artifactKey: Guid(7eecc588e3fa39848a890f827f6cbf23) Importer(815301076,1909f56bfc062723c751e8b465ee728b)
Start importing Assets/Scenes/MenuScene/ReflectionProbe-0.exr using Guid(7eecc588e3fa39848a890f827f6cbf23) Importer(815301076,1909f56bfc062723c751e8b465ee728b)  -> (artifact id: 'd8e394ed55e4a44c1d366de97a154b43') in 0.025507 seconds 
  Import took 0.028616 seconds .

========================================================================
Received Import Request.
  Time since last request: 0.000253 seconds.
  path: Assets/PowGamesCase_AlperenOnal/Assets/UI/Sprites/pause.png
  artifactKey: Guid(27b721e134502fc4cb8a238de9d2a4f9) Importer(815301076,1909f56bfc062723c751e8b465ee728b)
Start importing Assets/PowGamesCase_AlperenOnal/Assets/UI/Sprites/pause.png using Guid(27b721e134502fc4cb8a238de9d2a4f9) Importer(815301076,1909f56bfc062723c751e8b465ee728b)  -> (artifact id: 'c63a37c6a2e16e018a9f8090505743bd') in 0.017285 seconds 
  Import took 0.021229 seconds .

========================================================================
Received Import Request.
  Time since last request: 0.446389 seconds.
  path: Assets/PowGamesCase_AlperenOnal/Assets/UI/Sprites/star_flat.png
  artifactKey: Guid(ac8b772391abf7a4fbe594de4c2fbf0a) Importer(815301076,1909f56bfc062723c751e8b465ee728b)
Start importing Assets/PowGamesCase_AlperenOnal/Assets/UI/Sprites/star_flat.png using Guid(ac8b772391abf7a4fbe594de4c2fbf0a) Importer(815301076,1909f56bfc062723c751e8b465ee728b)  -> (artifact id: '17131ddf4c206c391b586b00b0c5bc3b') in 0.017758 seconds 
  Import took 0.021359 seconds .

========================================================================
Received Import Request.
  Time since last request: 0.000259 seconds.
  path: Assets/PowGamesCase_AlperenOnal/Assets/UI/Sprites/tile.png
  artifactKey: Guid(c631f5bf53d35784697bfe01a6d380b7) Importer(815301076,1909f56bfc062723c751e8b465ee728b)
Start importing Assets/PowGamesCase_AlperenOnal/Assets/UI/Sprites/tile.png using Guid(c631f5bf53d35784697bfe01a6d380b7) Importer(815301076,1909f56bfc062723c751e8b465ee728b)  -> (artifact id: '574210426a3133dd5fc7b9833d170cc9') in 0.014465 seconds 
  Import took 0.018601 seconds .

========================================================================
Received Prepare
Refreshing native plugins compatible for Editor in 4.40 ms, found 2 plugins.
Preloading 0 native plugins for Editor in 0.00 ms.
Unloading 12 Unused Serialized files (Serialized files now loaded: 0)
System memory in use before: 44.4 MB.
System memory in use after: 44.5 MB.

Unloading 12 unused Assets to reduce memory usage. Loaded Objects now: 2033.
Total: 10.150000 ms (FindLiveObjects: 0.284900 ms CreateObjectMapping: 0.164200 ms MarkObjects: 9.670800 ms  DeleteObjects: 0.028000 ms)

AssetImportParameters requested are different than current active one (requested -> active):
  custom:framework-win-MediaFoundation: 216162199b28c13a410421893ffa2e32 -> 
  custom:video-decoder-ogg-theora: a1e56fd34408186e4bbccfd4996cb3dc -> 
  custom:container-muxer-webm: aa71ff27fc2769a1b78a27578f13a17b -> 
  custom:container-demuxer-webm: 4f35f7cbe854078d1ac9338744f61a02 -> 
  custom:container-demuxer-ogg: 62fdf1f143b41e24485cea50d1cbac27 -> 
  custom:video-encoder-webm-vp8: eb34c28f22e8b96e1ab97ce403110664 -> 
  custom:video-decoder-webm-vp8: 9c59270c3fd7afecdb556c50c9e8de78 -> 
  custom:audio-decoder-ogg-vorbis: bf7c407c2cedff20999df2af8eb42d56 -> 
  custom:audio-encoder-webm-vorbis: bf7c407c2cedff20999df2af8eb42d56 -> 
AssetImportWorkerClient::OnTransportError - code=2 error=End of file
